#
# A fatal error has been detected by the Java Runtime Environment:
#
#  SIGSEGV (0xb) at pc=0x0000759e7199b41e, pid=23074, tid=23109
#
# JRE version: OpenJDK Runtime Environment (21.0.9+10) (build 21.0.9+10-Ubuntu-122.04)
# Java VM: OpenJDK 64-Bit Server VM (21.0.9+10-Ubuntu-122.04, mixed mode, sharing, tiered, compressed oops, compressed class ptrs, g1 gc, linux-amd64)
# Problematic frame:
# V  [libjvm.so+0xd9b41e]  PhaseChaitin::Split(unsigned int, ResourceArea*)+0x9ce
#
# No core dump will be written. Core dumps have been disabled. To enable core dumping, try "ulimit -c unlimited" before starting Java again
#
# If you would like to submit a bug report, please visit:
#   https://bugs.launchpad.net/ubuntu/+source/openjdk-21
#

---------------  S U M M A R Y ------------

Command Line: -javaagent:/snap/intellij-idea-community/709/lib/idea_rt.jar=38927 -Dfile.encoding=UTF-8 -Dsun.stdout.encoding=UTF-8 -Dsun.stderr.encoding=UTF-8 com.barbershop.BarbershopApiApplication

Host: AMD Ryzen 5 3500X 6-Core Processor, 6 cores, 15G, Zorin OS 17.3
Time: Fri Feb 13 17:27:40 2026 -03 elapsed time: 0.523384 seconds (0d 0h 0m 0s)

---------------  T H R E A D  ---------------

Current thread (0x0000759dcc0fe5b0):  JavaThread "C2 CompilerThread1" daemon [_thread_in_native, id=23109, stack(0x0000759df6b2f000,0x0000759df6c2f000) (1024K)]


Current CompileTask:
C2:523 1451       4       org.springframework.boot.context.properties.source.ConfigurationPropertyName$ElementsParser::parse (234 bytes)

Stack: [0x0000759df6b2f000,0x0000759df6c2f000],  sp=0x0000759df6c2afd0,  free space=1007k
Native frames: (J=compiled Java code, j=interpreted, Vv=VM code, C=native code)
V  [libjvm.so+0xd9b41e]  PhaseChaitin::Split(unsigned int, ResourceArea*)+0x9ce
V  [libjvm.so+0x5bb033]  PhaseChaitin::Register_Allocate()+0x523
V  [libjvm.so+0x663f92]  Compile::Code_Gen()+0x332
V  [libjvm.so+0x6679ee]  Compile::Compile(ciEnv*, ciMethod*, int, Options, DirectiveSet*)+0x148e
V  [libjvm.so+0x58d0dd]  C2Compiler::compile_method(ciEnv*, ciMethod*, int, bool, DirectiveSet*)+0x19d
V  [libjvm.so+0x66d4c3]  CompileBroker::invoke_compiler_on_method(CompileTask*)+0xc53
V  [libjvm.so+0x6706d8]  CompileBroker::compiler_thread_loop()+0x6d8
V  [libjvm.so+0x92985c]  JavaThread::thread_main_inner()+0x1fc
V  [libjvm.so+0xf93fe7]  Thread::call_run()+0xa7
V  [libjvm.so+0xd08b15]  thread_native_entry(Thread*)+0xd5

siginfo: si_signo: 11 (SIGSEGV), si_code: 128 (SI_KERNEL), si_addr: 0x0000000000000000

Registers:
RAX=0x0000000000000014, RBX=0x0000000000000022, RCX=0x0000000000000282, RDX=0x0000759dd001d9e8
RSP=0x0000759df6c2afd0, RBP=0x0000759df6c2b260, RSI=0x49177378463b4105, RDI=0x0000000000000004
R8 =0x0000759dd008bb70, R9 =0x0000759df6c2b660, R10=0x0000759dc8059550, R11=0x000000000000004b
R12=0x0000759dd001dc40, R13=0x0000759e7199a5f9, R14=0x0000759dd00b0bd8, R15=0x000000000000004b
RIP=0x0000759e7199b41e, EFLAGS=0x0000000000010212, CSGSFS=0x002b000000000033, ERR=0x0000000000000000
  TRAPNO=0x000000000000000d

XMM[0]=0x0000000000000000 0x0000759dd008b9a0
XMM[1]=0x0000759e6c5e4c18 0x0000759e6c5e4b80
XMM[2]=0x0000759dd0177970 0x0000759dd0177a30
XMM[3]=0x0000759dd00aad38 0x0000062d00000000
XMM[4]=0x0000759dd00aad38 0x0000062d00000000
XMM[5]=0x0000759dd00aad38 0x0000062d00000000
XMM[6]=0xffffffffffff0000 0x0000000000000000
XMM[7]=0x0000759dd00aad38 0x0000062d00000000
XMM[8]=0x0000759dd01ed180 0x0000759dd01ed440
XMM[9]=0x0000759dc801f2c0 0x0000759dc801f260
XMM[10]=0x0000759dc801ec60 0x0000759dc801ed20
XMM[11]=0x0000759dc801ecc0 0x0000759dc801ed80
XMM[12]=0x0000759dc801ec00 0x0000759dc801eba0
XMM[13]=0x550c7dc3243185be 0x12835b01d807aa98
XMM[14]=0xab1c5ed5923f82a4 0x59f111f13956c25b
XMM[15]=0xe9b5dba5b5c0fbcf 0x71374491428a2f98
  MXCSR=0x00001fa2


Register to memory mapping:

RAX=0x0000000000000014 is an unknown value
RBX=0x0000000000000022 is an unknown value
RCX=0x0000000000000282 is an unknown value
RDX=0x0000759dd001d9e8 points into unknown readable memory: 0x0000759dd011a250 | 50 a2 11 d0 9d 75 00 00
RSP=0x0000759df6c2afd0 is pointing into the stack for thread: 0x0000759dcc0fe5b0
RBP=0x0000759df6c2b260 is pointing into the stack for thread: 0x0000759dcc0fe5b0
RSI=0x49177378463b4105 is an unknown value
RDI=0x0000000000000004 is an unknown value
R8 =0x0000759dd008bb70 points into unknown readable memory: 0x0000759e71ffbed0 | d0 be ff 71 9e 75 00 00
R9 =0x0000759df6c2b660 is pointing into the stack for thread: 0x0000759dcc0fe5b0
R10=0x0000759dc8059550 points into unknown readable memory: 0x0000759dd008bb00 | 00 bb 08 d0 9d 75 00 00
R11=0x000000000000004b is an unknown value
R12=0x0000759dd001dc40 points into unknown readable memory: 0x0001010101000000 | 00 00 00 01 01 01 01 00
R13=0x0000759e7199a5f9: <offset 0x0000000000d9a5f9> in /usr/lib/jvm/java-21-openjdk-amd64/lib/server/libjvm.so at 0x0000759e70c00000
R14=0x0000759dd00b0bd8 points into unknown readable memory: 0x0000759dd011a250 | 50 a2 11 d0 9d 75 00 00
R15=0x000000000000004b is an unknown value

Top of Stack: (sp=0x0000759df6c2afd0)
0x0000759df6c2afd0:   00000000f6c2b020 00000000000003d8
0x0000759df6c2afe0:   0000759dcc01b8f0 0000759dcc01b900
0x0000759df6c2aff0:   0000759dcc01bcd8 0000006f000108e3
0x0000759df6c2b000:   0000759dd001e194 0000759df6c2b170
0x0000759df6c2b010:   0000759dcc01b900 0000759df6c2b2f0
0x0000759df6c2b020:   0000759dcc01b8f0 0000759e72100940
0x0000759df6c2b030:   0000759e720ff9e0 0000759dd001df58
0x0000759df6c2b040:   0000759dc83c5710 0000759dd00b0bd8
0x0000759df6c2b050:   0000759dd00b0e30 0000759dd00ac5f0
0x0000759df6c2b060:   0000759e00000000 0000000000000001
0x0000759df6c2b070:   0000759d00000004 0000759dd008d400
0x0000759df6c2b080:   0000000000000000 0000759dd00a9480
0x0000759df6c2b090:   000000000000004b 0000759d000004e3
0x0000759df6c2b0a0:   000000000000004b 0000759dd001dc40
0x0000759df6c2b0b0:   0000759df6c2b660 0000759dd001d9e8
0x0000759df6c2b0c0:   00000000000334f8 0000759dd00adea8
0x0000759df6c2b0d0:   000000000000004a 0000759df6c2b660
0x0000759df6c2b0e0:   0000759dd00af540 000006b200000000
0x0000759df6c2b0f0:   0000062d0000004b 0000759dd00a9480
0x0000759df6c2b100:   0000759df6c2b2f0 0000759e71b9450b
0x0000759df6c2b110:   0000062d00000000 0000759dd00aad38
0x0000759df6c2b120:   0000759df6c2b2f0 0000759dcc1e9218
0x0000759df6c2b130:   0000759df6c2b2f0 0000000000000040
0x0000759df6c2b140:   0000759dcc233478 0000759d00000023
0x0000759df6c2b150:   0000759df6c2b2f0 0000759e00000020
0x0000759df6c2b160:   0000759dcc233678 0000759d00000013
0x0000759df6c2b170:   0000000000000000 0000000000000000
0x0000759df6c2b180:   0000759dcc047300 0000759dc841d300
0x0000759df6c2b190:   0000000600000002 0000759e71db8837
0x0000759df6c2b1a0:   0000000000000000 0000000000000000
0x0000759df6c2b1b0:   0000000000000000 0000759e71db8837
0x0000759df6c2b1c0:   0000759e72114d00 0000759e72114d20 

Instructions: (pc=0x0000759e7199b41e)
0x0000759e7199b31e:   9d 50 fe ff ff 45 84 e4 0f 85 b8 02 00 00 41 8b
0x0000759e7199b32e:   7e 18 85 ff 0f 84 12 90 50 ff 49 8b 56 20 49 8b
0x0000759e7199b33e:   41 48 48 8b b5 80 fe ff ff 48 8b bd 70 fe ff ff
0x0000759e7199b34e:   48 8b 12 48 8b 40 78 48 8b 9d 58 fe ff ff 48 8b
0x0000759e7199b35e:   52 08 48 8b 52 08 8b 52 28 48 8b 04 d0 8b 40 4c
0x0000759e7199b36e:   48 8b 14 c6 48 8b b5 68 fe ff ff 48 8b 04 c6 48
0x0000759e7199b37e:   8b b5 48 fe ff ff 48 8b 04 38 4a 89 04 db 42 0f
0x0000759e7199b38e:   b6 04 1a 42 88 04 1e 48 8b 85 30 fe ff ff 49 83
0x0000759e7199b39e:   c3 01 49 39 c3 0f 85 06 fd ff ff 4d 89 f0 4c 89
0x0000759e7199b3ae:   8d 78 fe ff ff 31 db 49 89 c7 48 8b 95 58 fe ff
0x0000759e7199b3be:   ff 4c 8b b5 e8 fd ff ff 4c 8b a5 48 fe ff ff eb
0x0000759e7199b3ce:   0a 90 48 83 c3 01 4c 39 fb 74 4d 31 c0 41 80 3c
0x0000759e7199b3de:   1c 00 75 04 48 8b 04 da 49 89 04 de 41 80 3c 1c
0x0000759e7199b3ee:   00 74 df 48 8b 85 f0 fd ff ff 41 8b 48 4c 4c 8b
0x0000759e7199b3fe:   2c d8 89 c8 c1 e8 05 41 3b 45 00 0f 83 c3 10 00
0x0000759e7199b40e:   00 49 8b 75 08 bf 01 00 00 00 48 83 c3 01 d3 e7
0x0000759e7199b41e:   09 3c 86 4c 39 fb 75 b3 4c 8b a5 78 fe ff ff 4d
0x0000759e7199b42e:   89 c6 41 8b 5e 28 41 8b 46 18 4d 89 f7 4d 89 e6
0x0000759e7199b43e:   c7 85 78 fe ff ff 01 00 00 00 0f 1f 84 00 00 00
0x0000759e7199b44e:   00 00 83 eb 01 39 c3 0f 83 02 8f 50 ff 49 8b 57
0x0000759e7199b45e:   20 89 d8 4c 8b 24 c2 49 8b 04 24 4c 89 e7 ff 50
0x0000759e7199b46e:   20 49 39 c4 74 04 41 2b 5f 48 8b 85 78 fe ff ff
0x0000759e7199b47e:   39 c3 0f 82 4b 28 00 00 89 c6 41 8b 47 18 39 c6
0x0000759e7199b48e:   0f 83 ad 8e 50 ff 49 8b 4f 20 89 f2 48 8b 34 d1
0x0000759e7199b49e:   49 8b 96 08 01 00 00 8b 5e 18 48 63 4e 28 48 89
0x0000759e7199b4ae:   b5 38 fe ff ff 89 9d 70 fe ff ff 8b 5e 2c 44 8b
0x0000759e7199b4be:   2c 8a 89 da 89 9d 60 fe ff ff 83 e2 0f 83 fa 0c
0x0000759e7199b4ce:   0f 84 af 0e 00 00 8b 85 78 fe ff ff 41 39 47 70
0x0000759e7199b4de:   0f 84 cc 04 00 00 41 39 47 78 0f 84 c2 04 00 00
0x0000759e7199b4ee:   45 3b ae e0 00 00 00 0f 83 d5 00 00 00 49 8b 46
0x0000759e7199b4fe:   70 48 8b 9d 38 fe ff ff 48 8b 40 20 48 89 85 e0
0x0000759e7199b50e:   fd ff ff 8b 43 30 89 85 60 fe ff ff 83 e0 01 89 


Stack slot to memory mapping:

stack at sp + 0 slots: 0x00000000f6c2b020 is an unknown value
stack at sp + 1 slots: 0x00000000000003d8 is an unknown value
stack at sp + 2 slots: 0x0000759dcc01b8f0 points into unknown readable memory: 0x0000759dd00a9470 | 70 94 0a d0 9d 75 00 00
stack at sp + 3 slots: 0x0000759dcc01b900 points into unknown readable memory: 0x0000759d00000002 | 02 00 00 00 9d 75 00 00
stack at sp + 4 slots: 0x0000759dcc01bcd8 points into unknown readable memory: 0x0000000000000095 | 95 00 00 00 00 00 00 00
stack at sp + 5 slots: 0x0000006f000108e3 is an unknown value
stack at sp + 6 slots: 0x0000759dd001e194 points into unknown readable memory: 01 01 01 00
stack at sp + 7 slots: 0x0000759df6c2b170 is pointing into the stack for thread: 0x0000759dcc0fe5b0


---------------  P R O C E S S  ---------------

Threads class SMR info:
_java_thread_list=0x0000759e6c549170, length=12, elements={
0x0000759e6c01d780, 0x0000759e6c150170, 0x0000759e6c1516d0, 0x0000759e6c152e50,
0x0000759e6c154480, 0x0000759e6c155a10, 0x0000759e6c157540, 0x0000759e6c158bf0,
0x0000759e6c215550, 0x0000759dcc0fe5b0, 0x0000759e6c544120, 0x0000759e6c5486e0
}

Java Threads: ( => current thread )
  0x0000759e6c01d780 JavaThread "main"                              [_thread_in_Java, id=23081, stack(0x0000759e70700000,0x0000759e70800000) (1024K)]
  0x0000759e6c150170 JavaThread "Reference Handler"          daemon [_thread_blocked, id=23098, stack(0x0000759e4cc75000,0x0000759e4cd75000) (1024K)]
  0x0000759e6c1516d0 JavaThread "Finalizer"                  daemon [_thread_blocked, id=23099, stack(0x0000759e4c300000,0x0000759e4c400000) (1024K)]
  0x0000759e6c152e50 JavaThread "Signal Dispatcher"          daemon [_thread_blocked, id=23100, stack(0x0000759e4c200000,0x0000759e4c300000) (1024K)]
  0x0000759e6c154480 JavaThread "Service Thread"             daemon [_thread_blocked, id=23101, stack(0x0000759e4c100000,0x0000759e4c200000) (1024K)]
  0x0000759e6c155a10 JavaThread "Monitor Deflation Thread"   daemon [_thread_blocked, id=23102, stack(0x0000759e4c000000,0x0000759e4c100000) (1024K)]
  0x0000759e6c157540 JavaThread "C2 CompilerThread0"         daemon [_thread_in_native, id=23103, stack(0x0000759df6f00000,0x0000759df7000000) (1024K)]
  0x0000759e6c158bf0 JavaThread "C1 CompilerThread0"         daemon [_thread_blocked, id=23104, stack(0x0000759df6e00000,0x0000759df6f00000) (1024K)]
  0x0000759e6c215550 JavaThread "Common-Cleaner"             daemon [_thread_blocked, id=23108, stack(0x0000759df6c2f000,0x0000759df6d2f000) (1024K)]
=>0x0000759dcc0fe5b0 JavaThread "C2 CompilerThread1"         daemon [_thread_in_native, id=23109, stack(0x0000759df6b2f000,0x0000759df6c2f000) (1024K)]
  0x0000759e6c544120 JavaThread "Monitor Ctrl-Break"         daemon [_thread_in_native, id=23110, stack(0x0000759df6a2f000,0x0000759df6b2f000) (1024K)]
  0x0000759e6c5486e0 JavaThread "Notification Thread"        daemon [_thread_blocked, id=23111, stack(0x0000759df692f000,0x0000759df6a2f000) (1024K)]
Total: 12

Other Threads:
  0x0000759e6c146a30 VMThread "VM Thread"                           [id=23090, stack(0x0000759e4cd76000,0x0000759e4ce76000) (1024K)]
  0x0000759e6c134a50 WatcherThread "VM Periodic Task Thread"        [id=23089, stack(0x0000759e4ce77000,0x0000759e4cf77000) (1024K)]
  0x0000759e6c084b60 WorkerThread "GC Thread#0"                     [id=23082, stack(0x0000759e6bf00000,0x0000759e6c000000) (1024K)]
  0x0000759de4007170 WorkerThread "GC Thread#1"                     [id=23116, stack(0x0000759df682f000,0x0000759df692f000) (1024K)]
  0x0000759de4007c50 WorkerThread "GC Thread#2"                     [id=23117, stack(0x0000759df672e000,0x0000759df682e000) (1024K)]
  0x0000759de4008730 WorkerThread "GC Thread#3"                     [id=23118, stack(0x0000759df662d000,0x0000759df672d000) (1024K)]
  0x0000759de4009210 WorkerThread "GC Thread#4"                     [id=23119, stack(0x0000759df652c000,0x0000759df662c000) (1024K)]
  0x0000759de400a0e0 WorkerThread "GC Thread#5"                     [id=23120, stack(0x0000759df642b000,0x0000759df652b000) (1024K)]
  0x0000759e6c095a30 ConcurrentGCThread "G1 Main Marker"            [id=23083, stack(0x0000759e4f93a000,0x0000759e4fa3a000) (1024K)]
  0x0000759e6c0969d0 WorkerThread "G1 Conc#0"                       [id=23084, stack(0x0000759e4f839000,0x0000759e4f939000) (1024K)]
  0x0000759e6c122230 ConcurrentGCThread "G1 Refine#0"               [id=23085, stack(0x0000759e4d0fa000,0x0000759e4d1fa000) (1024K)]
  0x0000759e6c1231e0 ConcurrentGCThread "G1 Service"                [id=23086, stack(0x0000759e4cff9000,0x0000759e4d0f9000) (1024K)]
Total: 12

Threads with active compile tasks:
C2 CompilerThread0  526 1582       4       java.util.stream.Nodes$SpinedNodeBuilder::accept (29 bytes)
C2 CompilerThread1  526 1451       4       org.springframework.boot.context.properties.source.ConfigurationPropertyName$ElementsParser::parse (234 bytes)
Total: 2

VM state: not at safepoint (normal execution)

VM Mutex/Monitor currently owned by a thread: None

Heap address: 0x0000000707200000, size: 3982 MB, Compressed Oops mode: Zero based, Oop shift amount: 3

CDS archive(s) mapped at: [0x0000759df7000000-0x0000759df7ca0000-0x0000759df7ca0000), size 13238272, SharedBaseAddress: 0x0000759df7000000, ArchiveRelocationMode: 1.
Compressed class space mapped at: 0x0000759df8000000-0x0000759e38000000, reserved size: 1073741824
Narrow klass base: 0x0000759df7000000, Narrow klass shift: 0, Narrow klass range: 0x100000000

GC Precious Log:
 CardTable entry size: 512
 Card Set container configuration: InlinePtr #cards 4 size 8 Array Of Cards #cards 16 size 48 Howl #buckets 8 coarsen threshold 3686 Howl Bitmap #cards 512 size 80 coarsen threshold 460 Card regions per heap region 1 cards per card region 4096
 CPUs: 6 total, 6 available
 Memory: 15926M
 Large Page Support: Disabled
 NUMA Support: Disabled
 Compressed Oops: Enabled (Zero based)
 Heap Region Size: 2M
 Heap Min Capacity: 8M
 Heap Initial Capacity: 250M
 Heap Max Capacity: 3982M
 Pre-touch: Disabled
 Parallel Workers: 6
 Concurrent Workers: 2
 Concurrent Refinement Workers: 6
 Periodic GC: Disabled

Heap:
 garbage-first heap   total 258048K, used 19757K [0x0000000707200000, 0x0000000800000000)
  region size 2048K, 9 young (18432K), 2 survivors (4096K)
 Metaspace       used 9023K, committed 9280K, reserved 1114112K
  class space    used 1104K, committed 1216K, reserved 1048576K

Heap Regions: E=young(eden), S=young(survivor), O=old, HS=humongous(starts), HC=humongous(continues), CS=collection set, F=free, TAMS=top-at-mark-start, PB=parsable bottom
|   0|0x0000000707200000, 0x0000000707400000, 0x0000000707400000|100%| O|  |TAMS 0x0000000707200000| PB 0x0000000707200000| Untracked 
|   1|0x0000000707400000, 0x000000070743ed48, 0x0000000707600000| 12%| O|  |TAMS 0x0000000707400000| PB 0x0000000707400000| Untracked 
|   2|0x0000000707600000, 0x0000000707600000, 0x0000000707800000|  0%| F|  |TAMS 0x0000000707600000| PB 0x0000000707600000| Untracked 
|   3|0x0000000707800000, 0x0000000707800000, 0x0000000707a00000|  0%| F|  |TAMS 0x0000000707800000| PB 0x0000000707800000| Untracked 
|   4|0x0000000707a00000, 0x0000000707a00000, 0x0000000707c00000|  0%| F|  |TAMS 0x0000000707a00000| PB 0x0000000707a00000| Untracked 
|   5|0x0000000707c00000, 0x0000000707c00000, 0x0000000707e00000|  0%| F|  |TAMS 0x0000000707c00000| PB 0x0000000707c00000| Untracked 
|   6|0x0000000707e00000, 0x0000000707e00000, 0x0000000708000000|  0%| F|  |TAMS 0x0000000707e00000| PB 0x0000000707e00000| Untracked 
|   7|0x0000000708000000, 0x0000000708000000, 0x0000000708200000|  0%| F|  |TAMS 0x0000000708000000| PB 0x0000000708000000| Untracked 
|   8|0x0000000708200000, 0x0000000708200000, 0x0000000708400000|  0%| F|  |TAMS 0x0000000708200000| PB 0x0000000708200000| Untracked 
|   9|0x0000000708400000, 0x0000000708400000, 0x0000000708600000|  0%| F|  |TAMS 0x0000000708400000| PB 0x0000000708400000| Untracked 
|  10|0x0000000708600000, 0x0000000708600000, 0x0000000708800000|  0%| F|  |TAMS 0x0000000708600000| PB 0x0000000708600000| Untracked 
|  11|0x0000000708800000, 0x0000000708800000, 0x0000000708a00000|  0%| F|  |TAMS 0x0000000708800000| PB 0x0000000708800000| Untracked 
|  12|0x0000000708a00000, 0x0000000708a00000, 0x0000000708c00000|  0%| F|  |TAMS 0x0000000708a00000| PB 0x0000000708a00000| Untracked 
|  13|0x0000000708c00000, 0x0000000708c00000, 0x0000000708e00000|  0%| F|  |TAMS 0x0000000708c00000| PB 0x0000000708c00000| Untracked 
|  14|0x0000000708e00000, 0x0000000708e00000, 0x0000000709000000|  0%| F|  |TAMS 0x0000000708e00000| PB 0x0000000708e00000| Untracked 
|  15|0x0000000709000000, 0x0000000709000000, 0x0000000709200000|  0%| F|  |TAMS 0x0000000709000000| PB 0x0000000709000000| Untracked 
|  16|0x0000000709200000, 0x0000000709200000, 0x0000000709400000|  0%| F|  |TAMS 0x0000000709200000| PB 0x0000000709200000| Untracked 
|  17|0x0000000709400000, 0x0000000709400000, 0x0000000709600000|  0%| F|  |TAMS 0x0000000709400000| PB 0x0000000709400000| Untracked 
|  18|0x0000000709600000, 0x0000000709600000, 0x0000000709800000|  0%| F|  |TAMS 0x0000000709600000| PB 0x0000000709600000| Untracked 
|  19|0x0000000709800000, 0x0000000709800000, 0x0000000709a00000|  0%| F|  |TAMS 0x0000000709800000| PB 0x0000000709800000| Untracked 
|  20|0x0000000709a00000, 0x0000000709a00000, 0x0000000709c00000|  0%| F|  |TAMS 0x0000000709a00000| PB 0x0000000709a00000| Untracked 
|  21|0x0000000709c00000, 0x0000000709c00000, 0x0000000709e00000|  0%| F|  |TAMS 0x0000000709c00000| PB 0x0000000709c00000| Untracked 
|  22|0x0000000709e00000, 0x0000000709e00000, 0x000000070a000000|  0%| F|  |TAMS 0x0000000709e00000| PB 0x0000000709e00000| Untracked 
|  23|0x000000070a000000, 0x000000070a000000, 0x000000070a200000|  0%| F|  |TAMS 0x000000070a000000| PB 0x000000070a000000| Untracked 
|  24|0x000000070a200000, 0x000000070a200000, 0x000000070a400000|  0%| F|  |TAMS 0x000000070a200000| PB 0x000000070a200000| Untracked 
|  25|0x000000070a400000, 0x000000070a400000, 0x000000070a600000|  0%| F|  |TAMS 0x000000070a400000| PB 0x000000070a400000| Untracked 
|  26|0x000000070a600000, 0x000000070a600000, 0x000000070a800000|  0%| F|  |TAMS 0x000000070a600000| PB 0x000000070a600000| Untracked 
|  27|0x000000070a800000, 0x000000070a800000, 0x000000070aa00000|  0%| F|  |TAMS 0x000000070a800000| PB 0x000000070a800000| Untracked 
|  28|0x000000070aa00000, 0x000000070aa00000, 0x000000070ac00000|  0%| F|  |TAMS 0x000000070aa00000| PB 0x000000070aa00000| Untracked 
|  29|0x000000070ac00000, 0x000000070ac00000, 0x000000070ae00000|  0%| F|  |TAMS 0x000000070ac00000| PB 0x000000070ac00000| Untracked 
|  30|0x000000070ae00000, 0x000000070ae00000, 0x000000070b000000|  0%| F|  |TAMS 0x000000070ae00000| PB 0x000000070ae00000| Untracked 
|  31|0x000000070b000000, 0x000000070b000000, 0x000000070b200000|  0%| F|  |TAMS 0x000000070b000000| PB 0x000000070b000000| Untracked 
|  32|0x000000070b200000, 0x000000070b200000, 0x000000070b400000|  0%| F|  |TAMS 0x000000070b200000| PB 0x000000070b200000| Untracked 
|  33|0x000000070b400000, 0x000000070b400000, 0x000000070b600000|  0%| F|  |TAMS 0x000000070b400000| PB 0x000000070b400000| Untracked 
|  34|0x000000070b600000, 0x000000070b600000, 0x000000070b800000|  0%| F|  |TAMS 0x000000070b600000| PB 0x000000070b600000| Untracked 
|  35|0x000000070b800000, 0x000000070b800000, 0x000000070ba00000|  0%| F|  |TAMS 0x000000070b800000| PB 0x000000070b800000| Untracked 
|  36|0x000000070ba00000, 0x000000070ba00000, 0x000000070bc00000|  0%| F|  |TAMS 0x000000070ba00000| PB 0x000000070ba00000| Untracked 
|  37|0x000000070bc00000, 0x000000070bc00000, 0x000000070be00000|  0%| F|  |TAMS 0x000000070bc00000| PB 0x000000070bc00000| Untracked 
|  38|0x000000070be00000, 0x000000070be00000, 0x000000070c000000|  0%| F|  |TAMS 0x000000070be00000| PB 0x000000070be00000| Untracked 
|  39|0x000000070c000000, 0x000000070c000000, 0x000000070c200000|  0%| F|  |TAMS 0x000000070c000000| PB 0x000000070c000000| Untracked 
|  40|0x000000070c200000, 0x000000070c200000, 0x000000070c400000|  0%| F|  |TAMS 0x000000070c200000| PB 0x000000070c200000| Untracked 
|  41|0x000000070c400000, 0x000000070c400000, 0x000000070c600000|  0%| F|  |TAMS 0x000000070c400000| PB 0x000000070c400000| Untracked 
|  42|0x000000070c600000, 0x000000070c600000, 0x000000070c800000|  0%| F|  |TAMS 0x000000070c600000| PB 0x000000070c600000| Untracked 
|  43|0x000000070c800000, 0x000000070c800000, 0x000000070ca00000|  0%| F|  |TAMS 0x000000070c800000| PB 0x000000070c800000| Untracked 
|  44|0x000000070ca00000, 0x000000070ca00000, 0x000000070cc00000|  0%| F|  |TAMS 0x000000070ca00000| PB 0x000000070ca00000| Untracked 
|  45|0x000000070cc00000, 0x000000070cc00000, 0x000000070ce00000|  0%| F|  |TAMS 0x000000070cc00000| PB 0x000000070cc00000| Untracked 
|  46|0x000000070ce00000, 0x000000070ce00000, 0x000000070d000000|  0%| F|  |TAMS 0x000000070ce00000| PB 0x000000070ce00000| Untracked 
|  47|0x000000070d000000, 0x000000070d000000, 0x000000070d200000|  0%| F|  |TAMS 0x000000070d000000| PB 0x000000070d000000| Untracked 
|  48|0x000000070d200000, 0x000000070d200000, 0x000000070d400000|  0%| F|  |TAMS 0x000000070d200000| PB 0x000000070d200000| Untracked 
|  49|0x000000070d400000, 0x000000070d400000, 0x000000070d600000|  0%| F|  |TAMS 0x000000070d400000| PB 0x000000070d400000| Untracked 
|  50|0x000000070d600000, 0x000000070d600000, 0x000000070d800000|  0%| F|  |TAMS 0x000000070d600000| PB 0x000000070d600000| Untracked 
|  51|0x000000070d800000, 0x000000070d800000, 0x000000070da00000|  0%| F|  |TAMS 0x000000070d800000| PB 0x000000070d800000| Untracked 
|  52|0x000000070da00000, 0x000000070da00000, 0x000000070dc00000|  0%| F|  |TAMS 0x000000070da00000| PB 0x000000070da00000| Untracked 
|  53|0x000000070dc00000, 0x000000070dc00000, 0x000000070de00000|  0%| F|  |TAMS 0x000000070dc00000| PB 0x000000070dc00000| Untracked 
|  54|0x000000070de00000, 0x000000070de00000, 0x000000070e000000|  0%| F|  |TAMS 0x000000070de00000| PB 0x000000070de00000| Untracked 
|  55|0x000000070e000000, 0x000000070e000000, 0x000000070e200000|  0%| F|  |TAMS 0x000000070e000000| PB 0x000000070e000000| Untracked 
|  56|0x000000070e200000, 0x000000070e200000, 0x000000070e400000|  0%| F|  |TAMS 0x000000070e200000| PB 0x000000070e200000| Untracked 
|  57|0x000000070e400000, 0x000000070e400000, 0x000000070e600000|  0%| F|  |TAMS 0x000000070e400000| PB 0x000000070e400000| Untracked 
|  58|0x000000070e600000, 0x000000070e600000, 0x000000070e800000|  0%| F|  |TAMS 0x000000070e600000| PB 0x000000070e600000| Untracked 
|  59|0x000000070e800000, 0x000000070e800000, 0x000000070ea00000|  0%| F|  |TAMS 0x000000070e800000| PB 0x000000070e800000| Untracked 
|  60|0x000000070ea00000, 0x000000070ea00000, 0x000000070ec00000|  0%| F|  |TAMS 0x000000070ea00000| PB 0x000000070ea00000| Untracked 
|  61|0x000000070ec00000, 0x000000070ec00000, 0x000000070ee00000|  0%| F|  |TAMS 0x000000070ec00000| PB 0x000000070ec00000| Untracked 
|  62|0x000000070ee00000, 0x000000070ee00000, 0x000000070f000000|  0%| F|  |TAMS 0x000000070ee00000| PB 0x000000070ee00000| Untracked 
|  63|0x000000070f000000, 0x000000070f000000, 0x000000070f200000|  0%| F|  |TAMS 0x000000070f000000| PB 0x000000070f000000| Untracked 
|  64|0x000000070f200000, 0x000000070f200000, 0x000000070f400000|  0%| F|  |TAMS 0x000000070f200000| PB 0x000000070f200000| Untracked 
|  65|0x000000070f400000, 0x000000070f400000, 0x000000070f600000|  0%| F|  |TAMS 0x000000070f400000| PB 0x000000070f400000| Untracked 
|  66|0x000000070f600000, 0x000000070f600000, 0x000000070f800000|  0%| F|  |TAMS 0x000000070f600000| PB 0x000000070f600000| Untracked 
|  67|0x000000070f800000, 0x000000070f800000, 0x000000070fa00000|  0%| F|  |TAMS 0x000000070f800000| PB 0x000000070f800000| Untracked 
|  68|0x000000070fa00000, 0x000000070fa00000, 0x000000070fc00000|  0%| F|  |TAMS 0x000000070fa00000| PB 0x000000070fa00000| Untracked 
|  69|0x000000070fc00000, 0x000000070fc00000, 0x000000070fe00000|  0%| F|  |TAMS 0x000000070fc00000| PB 0x000000070fc00000| Untracked 
|  70|0x000000070fe00000, 0x000000070fe00000, 0x0000000710000000|  0%| F|  |TAMS 0x000000070fe00000| PB 0x000000070fe00000| Untracked 
|  71|0x0000000710000000, 0x0000000710000000, 0x0000000710200000|  0%| F|  |TAMS 0x0000000710000000| PB 0x0000000710000000| Untracked 
|  72|0x0000000710200000, 0x0000000710200000, 0x0000000710400000|  0%| F|  |TAMS 0x0000000710200000| PB 0x0000000710200000| Untracked 
|  73|0x0000000710400000, 0x0000000710400000, 0x0000000710600000|  0%| F|  |TAMS 0x0000000710400000| PB 0x0000000710400000| Untracked 
|  74|0x0000000710600000, 0x0000000710600000, 0x0000000710800000|  0%| F|  |TAMS 0x0000000710600000| PB 0x0000000710600000| Untracked 
|  75|0x0000000710800000, 0x0000000710800000, 0x0000000710a00000|  0%| F|  |TAMS 0x0000000710800000| PB 0x0000000710800000| Untracked 
|  76|0x0000000710a00000, 0x0000000710a00000, 0x0000000710c00000|  0%| F|  |TAMS 0x0000000710a00000| PB 0x0000000710a00000| Untracked 
|  77|0x0000000710c00000, 0x0000000710c00000, 0x0000000710e00000|  0%| F|  |TAMS 0x0000000710c00000| PB 0x0000000710c00000| Untracked 
|  78|0x0000000710e00000, 0x0000000710e00000, 0x0000000711000000|  0%| F|  |TAMS 0x0000000710e00000| PB 0x0000000710e00000| Untracked 
|  79|0x0000000711000000, 0x0000000711000000, 0x0000000711200000|  0%| F|  |TAMS 0x0000000711000000| PB 0x0000000711000000| Untracked 
|  80|0x0000000711200000, 0x0000000711200000, 0x0000000711400000|  0%| F|  |TAMS 0x0000000711200000| PB 0x0000000711200000| Untracked 
|  81|0x0000000711400000, 0x0000000711400000, 0x0000000711600000|  0%| F|  |TAMS 0x0000000711400000| PB 0x0000000711400000| Untracked 
|  82|0x0000000711600000, 0x0000000711600000, 0x0000000711800000|  0%| F|  |TAMS 0x0000000711600000| PB 0x0000000711600000| Untracked 
|  83|0x0000000711800000, 0x0000000711800000, 0x0000000711a00000|  0%| F|  |TAMS 0x0000000711800000| PB 0x0000000711800000| Untracked 
|  84|0x0000000711a00000, 0x0000000711a00000, 0x0000000711c00000|  0%| F|  |TAMS 0x0000000711a00000| PB 0x0000000711a00000| Untracked 
|  85|0x0000000711c00000, 0x0000000711c00000, 0x0000000711e00000|  0%| F|  |TAMS 0x0000000711c00000| PB 0x0000000711c00000| Untracked 
|  86|0x0000000711e00000, 0x0000000711e00000, 0x0000000712000000|  0%| F|  |TAMS 0x0000000711e00000| PB 0x0000000711e00000| Untracked 
|  87|0x0000000712000000, 0x0000000712000000, 0x0000000712200000|  0%| F|  |TAMS 0x0000000712000000| PB 0x0000000712000000| Untracked 
|  88|0x0000000712200000, 0x0000000712200000, 0x0000000712400000|  0%| F|  |TAMS 0x0000000712200000| PB 0x0000000712200000| Untracked 
|  89|0x0000000712400000, 0x0000000712400000, 0x0000000712600000|  0%| F|  |TAMS 0x0000000712400000| PB 0x0000000712400000| Untracked 
|  90|0x0000000712600000, 0x0000000712600000, 0x0000000712800000|  0%| F|  |TAMS 0x0000000712600000| PB 0x0000000712600000| Untracked 
|  91|0x0000000712800000, 0x0000000712800000, 0x0000000712a00000|  0%| F|  |TAMS 0x0000000712800000| PB 0x0000000712800000| Untracked 
|  92|0x0000000712a00000, 0x0000000712a00000, 0x0000000712c00000|  0%| F|  |TAMS 0x0000000712a00000| PB 0x0000000712a00000| Untracked 
|  93|0x0000000712c00000, 0x0000000712c00000, 0x0000000712e00000|  0%| F|  |TAMS 0x0000000712c00000| PB 0x0000000712c00000| Untracked 
|  94|0x0000000712e00000, 0x0000000712e00000, 0x0000000713000000|  0%| F|  |TAMS 0x0000000712e00000| PB 0x0000000712e00000| Untracked 
|  95|0x0000000713000000, 0x0000000713000000, 0x0000000713200000|  0%| F|  |TAMS 0x0000000713000000| PB 0x0000000713000000| Untracked 
|  96|0x0000000713200000, 0x0000000713200000, 0x0000000713400000|  0%| F|  |TAMS 0x0000000713200000| PB 0x0000000713200000| Untracked 
|  97|0x0000000713400000, 0x0000000713400000, 0x0000000713600000|  0%| F|  |TAMS 0x0000000713400000| PB 0x0000000713400000| Untracked 
|  98|0x0000000713600000, 0x0000000713600000, 0x0000000713800000|  0%| F|  |TAMS 0x0000000713600000| PB 0x0000000713600000| Untracked 
|  99|0x0000000713800000, 0x0000000713800000, 0x0000000713a00000|  0%| F|  |TAMS 0x0000000713800000| PB 0x0000000713800000| Untracked 
| 100|0x0000000713a00000, 0x0000000713a00000, 0x0000000713c00000|  0%| F|  |TAMS 0x0000000713a00000| PB 0x0000000713a00000| Untracked 
| 101|0x0000000713c00000, 0x0000000713c00000, 0x0000000713e00000|  0%| F|  |TAMS 0x0000000713c00000| PB 0x0000000713c00000| Untracked 
| 102|0x0000000713e00000, 0x0000000713e00000, 0x0000000714000000|  0%| F|  |TAMS 0x0000000713e00000| PB 0x0000000713e00000| Untracked 
| 103|0x0000000714000000, 0x0000000714000000, 0x0000000714200000|  0%| F|  |TAMS 0x0000000714000000| PB 0x0000000714000000| Untracked 
| 104|0x0000000714200000, 0x0000000714200000, 0x0000000714400000|  0%| F|  |TAMS 0x0000000714200000| PB 0x0000000714200000| Untracked 
| 105|0x0000000714400000, 0x0000000714400000, 0x0000000714600000|  0%| F|  |TAMS 0x0000000714400000| PB 0x0000000714400000| Untracked 
| 106|0x0000000714600000, 0x0000000714600000, 0x0000000714800000|  0%| F|  |TAMS 0x0000000714600000| PB 0x0000000714600000| Untracked 
| 107|0x0000000714800000, 0x0000000714800000, 0x0000000714a00000|  0%| F|  |TAMS 0x0000000714800000| PB 0x0000000714800000| Untracked 
| 108|0x0000000714a00000, 0x0000000714a00000, 0x0000000714c00000|  0%| F|  |TAMS 0x0000000714a00000| PB 0x0000000714a00000| Untracked 
| 109|0x0000000714c00000, 0x0000000714c00000, 0x0000000714e00000|  0%| F|  |TAMS 0x0000000714c00000| PB 0x0000000714c00000| Untracked 
| 110|0x0000000714e00000, 0x0000000714e00000, 0x0000000715000000|  0%| F|  |TAMS 0x0000000714e00000| PB 0x0000000714e00000| Untracked 
| 111|0x0000000715000000, 0x0000000715000000, 0x0000000715200000|  0%| F|  |TAMS 0x0000000715000000| PB 0x0000000715000000| Untracked 
| 112|0x0000000715200000, 0x0000000715200000, 0x0000000715400000|  0%| F|  |TAMS 0x0000000715200000| PB 0x0000000715200000| Untracked 
| 113|0x0000000715400000, 0x0000000715600000, 0x0000000715600000|100%| S|CS|TAMS 0x0000000715400000| PB 0x0000000715400000| Complete 
| 114|0x0000000715600000, 0x0000000715800000, 0x0000000715800000|100%| S|CS|TAMS 0x0000000715600000| PB 0x0000000715600000| Complete 
| 115|0x0000000715800000, 0x0000000715800000, 0x0000000715a00000|  0%| F|  |TAMS 0x0000000715800000| PB 0x0000000715800000| Untracked 
| 116|0x0000000715a00000, 0x0000000715a00000, 0x0000000715c00000|  0%| F|  |TAMS 0x0000000715a00000| PB 0x0000000715a00000| Untracked 
| 117|0x0000000715c00000, 0x0000000715c00000, 0x0000000715e00000|  0%| F|  |TAMS 0x0000000715c00000| PB 0x0000000715c00000| Untracked 
| 118|0x0000000715e00000, 0x0000000715e4d250, 0x0000000716000000| 15%| E|  |TAMS 0x0000000715e00000| PB 0x0000000715e00000| Complete 
| 119|0x0000000716000000, 0x0000000716200000, 0x0000000716200000|100%| E|CS|TAMS 0x0000000716000000| PB 0x0000000716000000| Complete 
| 120|0x0000000716200000, 0x0000000716400000, 0x0000000716400000|100%| E|CS|TAMS 0x0000000716200000| PB 0x0000000716200000| Complete 
| 121|0x0000000716400000, 0x0000000716600000, 0x0000000716600000|100%| E|CS|TAMS 0x0000000716400000| PB 0x0000000716400000| Complete 
| 122|0x0000000716600000, 0x0000000716800000, 0x0000000716800000|100%| E|CS|TAMS 0x0000000716600000| PB 0x0000000716600000| Complete 
| 123|0x0000000716800000, 0x0000000716a00000, 0x0000000716a00000|100%| E|CS|TAMS 0x0000000716800000| PB 0x0000000716800000| Complete 
| 124|0x0000000716a00000, 0x0000000716c00000, 0x0000000716c00000|100%| E|CS|TAMS 0x0000000716a00000| PB 0x0000000716a00000| Complete 
|1990|0x00000007ffe00000, 0x00000007fff0c838, 0x0000000800000000| 52%| O|  |TAMS 0x00000007ffe00000| PB 0x00000007ffe00000| Untracked 

Card table byte_map: [0x0000759e53872000,0x0000759e54039000] _byte_map_base: 0x0000759e50039000

Marking Bits: (CMBitMap*) 0x0000759e6c085680
 Bits: [0x0000759e4fa3a000, 0x0000759e53872000)

Polling page: 0x0000759e72531000

Metaspace:

Usage:
  Non-class:      7,75 MB used.
      Class:      1,09 MB used.
       Both:      8,84 MB used.

Virtual space:
  Non-class space:       64,00 MB reserved,       7,94 MB ( 12%) committed,  1 nodes.
      Class space:        1,00 GB reserved,       1,19 MB ( <1%) committed,  1 nodes.
             Both:        1,06 GB reserved,       9,12 MB ( <1%) committed. 

Chunk freelists:
   Non-Class:  7,67 MB
       Class:  14,69 MB
        Both:  22,36 MB

MaxMetaspaceSize: unlimited
CompressedClassSpaceSize: 1,00 GB
Initial GC threshold: 21,00 MB
Current GC threshold: 21,00 MB
CDS: on
 - commit_granule_bytes: 65536.
 - commit_granule_words: 8192.
 - virtual_space_node_default_size: 8388608.
 - enlarge_chunks_in_place: 1.
 - use_allocation_guard: 0.


Internal statistics:

num_allocs_failed_limit: 0.
num_arena_births: 234.
num_arena_deaths: 0.
num_vsnodes_births: 2.
num_vsnodes_deaths: 0.
num_space_committed: 146.
num_space_uncommitted: 0.
num_chunks_returned_to_freelist: 0.
num_chunks_taken_from_freelist: 562.
num_chunk_merges: 0.
num_chunk_splits: 321.
num_chunks_enlarged: 177.
num_inconsistent_stats: 0.

CodeHeap 'non-profiled nmethods': size=120032Kb used=604Kb max_used=604Kb free=119428Kb
 bounds [0x0000759e5c2c8000, 0x0000759e5c538000, 0x0000759e63800000]
CodeHeap 'profiled nmethods': size=120028Kb used=2707Kb max_used=2707Kb free=117320Kb
 bounds [0x0000759e54800000, 0x0000759e54ab0000, 0x0000759e5bd37000]
CodeHeap 'non-nmethods': size=5700Kb used=1366Kb max_used=1383Kb free=4333Kb
 bounds [0x0000759e5bd37000, 0x0000759e5bfa7000, 0x0000759e5c2c8000]
CodeCache: size=245760Kb, used=4677Kb, max_used=4694Kb, free=241081Kb
 total_blobs=2080, nmethods=1596, adapters=390, full_count=0
Compilation: enabled, stopped_count=0, restarted_count=0

Compilation events (20 events):
Event: 0,497 Thread 0x0000759e6c158bf0 1527       3       java.util.concurrent.CopyOnWriteArrayList::size (6 bytes)
Event: 0,497 Thread 0x0000759e6c158bf0 nmethod 1527 0x0000759e54a8ba90 code [0x0000759e54a8bc20, 0x0000759e54a8bd48]
Event: 0,497 Thread 0x0000759e6c158bf0 1529       3       java.util.ArrayDeque::peek (5 bytes)
Event: 0,497 Thread 0x0000759e6c158bf0 nmethod 1529 0x0000759e54a8be10 code [0x0000759e54a8bfc0, 0x0000759e54a8c1c8]
Event: 0,497 Thread 0x0000759e6c158bf0 1530       3       java.util.ArrayDeque::peekFirst (12 bytes)
Event: 0,498 Thread 0x0000759e6c158bf0 nmethod 1530 0x0000759e54a8c310 code [0x0000759e54a8c4c0, 0x0000759e54a8c650]
Event: 0,498 Thread 0x0000759e6c158bf0 1531       1       org.springframework.boot.context.properties.source.DefaultPropertyMapper$LastMapping::getMapping (5 bytes)
Event: 0,498 Thread 0x0000759e6c158bf0 nmethod 1531 0x0000759e5c358690 code [0x0000759e5c358820, 0x0000759e5c3588e8]
Event: 0,499 Thread 0x0000759e6c158bf0 1537       3       java.lang.invoke.LambdaForm$NamedFunction::member (26 bytes)
Event: 0,499 Thread 0x0000759e6c158bf0 nmethod 1537 0x0000759e54a8c790 code [0x0000759e54a8c920, 0x0000759e54a8ca38]
Event: 0,499 Thread 0x0000759e6c158bf0 1538       3       java.lang.invoke.InvokerBytecodeGenerator::isStaticallyInvocable (165 bytes)
Event: 0,500 Thread 0x0000759e6c158bf0 nmethod 1538 0x0000759e54a8cb10 code [0x0000759e54a8cec0, 0x0000759e54a8e218]
Event: 0,500 Thread 0x0000759e6c158bf0 1539       3       java.lang.invoke.MemberName::isPrivate (8 bytes)
Event: 0,500 Thread 0x0000759e6c158bf0 nmethod 1539 0x0000759e54a8e710 code [0x0000759e54a8e8a0, 0x0000759e54a8ea58]
Event: 0,500 Thread 0x0000759e6c158bf0 1540       3       java.lang.reflect.Modifier::isPrivate (12 bytes)
Event: 0,500 Thread 0x0000759e6c158bf0 nmethod 1540 0x0000759e54a8eb10 code [0x0000759e54a8eca0, 0x0000759e54a8edd8]
Event: 0,500 Thread 0x0000759e6c158bf0 1541       3       java.lang.invoke.InvokerBytecodeGenerator::emitStaticInvoke (258 bytes)
Event: 0,501 Thread 0x0000759e6c158bf0 nmethod 1541 0x0000759e54a8ee90 code [0x0000759e54a8f1c0, 0x0000759e54a90078]
Event: 0,501 Thread 0x0000759e6c157540 nmethod 1521 0x0000759e5c358f90 code [0x0000759e5c359180, 0x0000759e5c3599d0]
Event: 0,501 Thread 0x0000759e6c157540 1532       4       java.lang.ProcessEnvironment$StringKeySet$1::next (5 bytes)

GC Heap History (2 events):
Event: 0,289 GC heap before
{Heap before GC invocations=0 (full 0):
 garbage-first heap   total 258048K, used 21554K [0x0000000707200000, 0x0000000800000000)
  region size 2048K, 10 young (20480K), 0 survivors (0K)
 Metaspace       used 5517K, committed 5760K, reserved 1114112K
  class space    used 630K, committed 768K, reserved 1048576K
}
Event: 0,291 GC heap after
{Heap after GC invocations=1 (full 0):
 garbage-first heap   total 258048K, used 7469K [0x0000000707200000, 0x0000000800000000)
  region size 2048K, 2 young (4096K), 2 survivors (4096K)
 Metaspace       used 5517K, committed 5760K, reserved 1114112K
  class space    used 630K, committed 768K, reserved 1048576K
}

Dll operation events (9 events):
Event: 0,001 Loaded shared library /usr/lib/jvm/java-21-openjdk-amd64/lib/libjava.so
Event: 0,015 Loaded shared library /usr/lib/jvm/java-21-openjdk-amd64/lib/libjsvml.so
Event: 0,049 Loaded shared library /usr/lib/jvm/java-21-openjdk-amd64/lib/libzip.so
Event: 0,050 Loaded shared library /usr/lib/jvm/java-21-openjdk-amd64/lib/libinstrument.so
Event: 0,052 Loaded shared library /usr/lib/jvm/java-21-openjdk-amd64/lib/libnio.so
Event: 0,053 Loaded shared library /usr/lib/jvm/java-21-openjdk-amd64/lib/libzip.so
Event: 0,094 Loaded shared library /usr/lib/jvm/java-21-openjdk-amd64/lib/libnet.so
Event: 0,097 Loaded shared library /usr/lib/jvm/java-21-openjdk-amd64/lib/libextnet.so
Event: 0,112 Loaded shared library /usr/lib/jvm/java-21-openjdk-amd64/lib/libjimage.so

Deoptimization events (20 events):
Event: 0,431 Thread 0x0000759e6c01d780 Uncommon trap: trap_request=0xffffff45 fr.pc=0x0000759e5c32af10 relative=0x00000000000004d0
Event: 0,431 Thread 0x0000759e6c01d780 Uncommon trap: reason=unstable_if action=reinterpret pc=0x0000759e5c32af10 method=java.lang.AbstractStringBuilder.isLatin1()Z @ 10 c2
Event: 0,431 Thread 0x0000759e6c01d780 DEOPT PACKING pc=0x0000759e5c32af10 sp=0x0000759e707fcbb0
Event: 0,431 Thread 0x0000759e6c01d780 DEOPT UNPACKING pc=0x0000759e5bd8af99 sp=0x0000759e707fcb00 mode 2
Event: 0,431 Thread 0x0000759e6c01d780 Uncommon trap: trap_request=0xffffff45 fr.pc=0x0000759e5c3391ec relative=0x000000000000006c
Event: 0,431 Thread 0x0000759e6c01d780 Uncommon trap: reason=unstable_if action=reinterpret pc=0x0000759e5c3391ec method=java.lang.AbstractStringBuilder.isLatin1()Z @ 10 c2
Event: 0,431 Thread 0x0000759e6c01d780 DEOPT PACKING pc=0x0000759e5c3391ec sp=0x0000759e707fcb40
Event: 0,431 Thread 0x0000759e6c01d780 DEOPT UNPACKING pc=0x0000759e5bd8af99 sp=0x0000759e707fcaf0 mode 2
Event: 0,435 Thread 0x0000759e6c01d780 Uncommon trap: trap_request=0xffffff45 fr.pc=0x0000759e5c3436ac relative=0x00000000000001cc
Event: 0,435 Thread 0x0000759e6c01d780 Uncommon trap: reason=unstable_if action=reinterpret pc=0x0000759e5c3436ac method=java.util.HashMap.getNode(Ljava/lang/Object;)Ljava/util/HashMap$Node; @ 66 c2
Event: 0,435 Thread 0x0000759e6c01d780 DEOPT PACKING pc=0x0000759e5c3436ac sp=0x0000759e707fcef0
Event: 0,435 Thread 0x0000759e6c01d780 DEOPT UNPACKING pc=0x0000759e5bd8af99 sp=0x0000759e707fce80 mode 2
Event: 0,452 Thread 0x0000759e6c01d780 Uncommon trap: trap_request=0xffffffc6 fr.pc=0x0000759e5c32e634 relative=0x00000000000003d4
Event: 0,452 Thread 0x0000759e6c01d780 Uncommon trap: reason=bimorphic_or_optimized_type_check action=maybe_recompile pc=0x0000759e5c32e634 method=java.util.concurrent.ConcurrentHashMap.get(Ljava/lang/Object;)Ljava/lang/Object; @ 149 c2
Event: 0,452 Thread 0x0000759e6c01d780 DEOPT PACKING pc=0x0000759e5c32e634 sp=0x0000759e707fbeb0
Event: 0,452 Thread 0x0000759e6c01d780 DEOPT UNPACKING pc=0x0000759e5bd8af99 sp=0x0000759e707fbe50 mode 2
Event: 0,471 Thread 0x0000759e6c01d780 Uncommon trap: trap_request=0xffffff45 fr.pc=0x0000759e5c31de30 relative=0x00000000000001f0
Event: 0,471 Thread 0x0000759e6c01d780 Uncommon trap: reason=unstable_if action=reinterpret pc=0x0000759e5c31de30 method=java.lang.String.startsWith(Ljava/lang/String;I)Z @ 1 c2
Event: 0,471 Thread 0x0000759e6c01d780 DEOPT PACKING pc=0x0000759e5c31de30 sp=0x0000759e707fda40
Event: 0,471 Thread 0x0000759e6c01d780 DEOPT UNPACKING pc=0x0000759e5bd8af99 sp=0x0000759e707fd9d0 mode 2

Classes loaded (20 events):
Event: 0,498 Loading class java/lang/ProcessHandleImpl
Event: 0,498 Loading class java/lang/ProcessHandleImpl done
Event: 0,500 Loading class java/util/concurrent/Executors
Event: 0,500 Loading class java/util/concurrent/Executors done
Event: 0,500 Loading class java/util/concurrent/ThreadPoolExecutor
Event: 0,502 Loading class java/util/concurrent/ThreadPoolExecutor done
Event: 0,502 Loading class java/util/concurrent/ThreadPoolExecutor$AbortPolicy
Event: 0,502 Loading class java/util/concurrent/RejectedExecutionHandler
Event: 0,502 Loading class java/util/concurrent/RejectedExecutionHandler done
Event: 0,502 Loading class java/util/concurrent/ThreadPoolExecutor$AbortPolicy done
Event: 0,502 Loading class java/util/concurrent/SynchronousQueue
Event: 0,502 Loading class java/util/concurrent/SynchronousQueue done
Event: 0,502 Loading class java/util/concurrent/SynchronousQueue$Transferer
Event: 0,502 Loading class java/util/concurrent/LinkedTransferQueue
Event: 0,502 Loading class java/util/concurrent/TransferQueue
Event: 0,502 Loading class java/util/concurrent/TransferQueue done
Event: 0,502 Loading class java/util/concurrent/LinkedTransferQueue done
Event: 0,502 Loading class java/util/concurrent/SynchronousQueue$Transferer done
Event: 0,502 Loading class java/util/concurrent/LinkedTransferQueue$DualNode
Event: 0,502 Loading class java/util/concurrent/LinkedTransferQueue$DualNode done

Classes unloaded (0 events):
No events

Classes redefined (0 events):
No events

Internal exceptions (20 events):
Event: 0,338 Thread 0x0000759e6c01d780 Exception <a 'java/lang/NoSuchMethodError'{0x00000007169dc950}: 'void java.lang.invoke.DirectMethodHandle$Holder.invokeStaticInit(java.lang.Object, java.lang.Object)'> (0x00000007169dc950) 
thrown [./src/hotspot/share/interpreter/linkResolver.cpp, line 772]
Event: 0,344 Thread 0x0000759e6c01d780 Exception <a 'java/lang/NoSuchMethodError'{0x000000071661fa70}: 'int java.lang.invoke.DirectMethodHandle$Holder.invokeStatic(java.lang.Object, java.lang.Object, java.lang.Object, java.lang.Object)'> (0x000000071661fa70) 
thrown [./src/hotspot/share/interpreter/linkResolver.cpp, line 772]
Event: 0,344 Thread 0x0000759e6c01d780 Exception <a 'java/lang/NoSuchMethodError'{0x0000000716623140}: 'java.lang.Object java.lang.invoke.Invokers$Holder.invokeExact_MT(java.lang.Object, java.lang.Object, java.lang.Object, java.lang.Object, java.lang.Object, java.lang.Object)'> (0x0000000716623140) 
thrown [./src/hotspot/share/interpreter/linkResolver.cpp, line 772]
Event: 0,361 Thread 0x0000759e6c01d780 Exception <a 'java/lang/NoSuchMethodError'{0x000000071668c158}: 'java.lang.Object java.lang.invoke.DirectMethodHandle$Holder.invokeSpecial(java.lang.Object, java.lang.Object, java.lang.Object, java.lang.Object, java.lang.Object, java.lang.Object, int)'> (0x000000071668c158) 
thrown [./src/hotspot/share/interpreter/linkResolver.cpp, line 772]
Event: 0,363 Thread 0x0000759e6c01d780 Exception <a 'java/lang/NoSuchMethodError'{0x0000000716695850}: 'java.lang.Object java.lang.invoke.DirectMethodHandle$Holder.newInvokeSpecial(java.lang.Object, java.lang.Object, java.lang.Object, java.lang.Object, java.lang.Object, java.lang.Object, int)'> (0x0000000716695850) 
thrown [./src/hotspot/share/interpreter/linkResolver.cpp, line 772]
Event: 0,363 Thread 0x0000759e6c01d780 Exception <a 'java/lang/NoSuchMethodError'{0x0000000716699eb0}: 'java.lang.Object java.lang.invoke.DirectMethodHandle$Holder.invokeSpecial(java.lang.Object, java.lang.Object, java.lang.Object, java.lang.Object, java.lang.Object, java.lang.Object, java.lang.Object, int)'> (0x0000000716699eb0) 
thrown [./src/hotspot/share/interpreter/linkResolver.cpp, line 772]
Event: 0,398 Thread 0x0000759e6c01d780 Exception <a 'java/lang/NoSuchMethodError'{0x00000007167c7d10}: 'int java.lang.invoke.DirectMethodHandle$Holder.invokeInterface(java.lang.Object, java.lang.Object)'> (0x00000007167c7d10) 
thrown [./src/hotspot/share/interpreter/linkResolver.cpp, line 772]
Event: 0,401 Thread 0x0000759e6c01d780 Exception <a 'java/lang/NoSuchMethodError'{0x00000007167e9508}: 'void java.lang.invoke.DirectMethodHandle$Holder.invokeSpecial(java.lang.Object, java.lang.Object, java.lang.Object, java.lang.Object, java.lang.Object)'> (0x00000007167e9508) 
thrown [./src/hotspot/share/interpreter/linkResolver.cpp, line 772]
Event: 0,443 Thread 0x0000759e6c01d780 Exception <a 'java/lang/NoSuchMethodError'{0x0000000716271168}: 'void java.lang.invoke.DirectMethodHandle$Holder.invokeSpecial(java.lang.Object, java.lang.Object, java.lang.Object, java.lang.Object, java.lang.Object, java.lang.Object)'> (0x0000000716271168) 
thrown [./src/hotspot/share/interpreter/linkResolver.cpp, line 772]
Event: 0,460 Thread 0x0000759e6c01d780 Exception <a 'java/lang/NoSuchMethodError'{0x0000000716305380}: 'java.lang.Object java.lang.invoke.DirectMethodHandle$Holder.invokeSpecial(java.lang.Object, java.lang.Object, java.lang.Object, int, java.lang.Object)'> (0x0000000716305380) 
thrown [./src/hotspot/share/interpreter/linkResolver.cpp, line 772]
Event: 0,460 Thread 0x0000759e6c01d780 Exception <a 'java/lang/NoSuchMethodError'{0x000000071630ce60}: 'java.lang.Object java.lang.invoke.DirectMethodHandle$Holder.newInvokeSpecial(java.lang.Object, java.lang.Object, java.lang.Object, int, java.lang.Object)'> (0x000000071630ce60) 
thrown [./src/hotspot/share/interpreter/linkResolver.cpp, line 772]
Event: 0,461 Thread 0x0000759e6c01d780 Exception <a 'java/lang/NoSuchMethodError'{0x00000007163143e8}: 'java.lang.Object java.lang.invoke.Invokers$Holder.linkToTargetMethod(java.lang.Object, java.lang.Object, int, java.lang.Object, java.lang.Object)'> (0x00000007163143e8) 
thrown [./src/hotspot/share/interpreter/linkResolver.cpp, line 772]
Event: 0,461 Thread 0x0000759e6c01d780 Exception <a 'java/lang/NoSuchMethodError'{0x0000000716322058}: 'java.lang.Object java.lang.invoke.DirectMethodHandle$Holder.newInvokeSpecial(java.lang.Object, int, java.lang.Object)'> (0x0000000716322058) 
thrown [./src/hotspot/share/interpreter/linkResolver.cpp, line 772]
Event: 0,461 Thread 0x0000759e6c01d780 Exception <a 'java/lang/NoSuchMethodError'{0x0000000716326b98}: 'int java.lang.invoke.DirectMethodHandle$Holder.invokeSpecialIFC(java.lang.Object, java.lang.Object, java.lang.Object, java.lang.Object)'> (0x0000000716326b98) 
thrown [./src/hotspot/share/interpreter/linkResolver.cpp, line 772]
Event: 0,477 Thread 0x0000759e6c01d780 Exception <a 'java/lang/NoSuchMethodError'{0x00000007160125a8}: 'void java.lang.invoke.DirectMethodHandle$Holder.invokeInterface(java.lang.Object, java.lang.Object, java.lang.Object)'> (0x00000007160125a8) 
thrown [./src/hotspot/share/interpreter/linkResolver.cpp, line 772]
Event: 0,491 Thread 0x0000759e6c01d780 Exception <a 'java/lang/NoSuchMethodError'{0x0000000716092bb0}: 'void java.lang.invoke.DirectMethodHandle$Holder.invokeStaticInit(java.lang.Object, java.lang.Object, java.lang.Object)'> (0x0000000716092bb0) 
thrown [./src/hotspot/share/interpreter/linkResolver.cpp, line 772]
Event: 0,495 Thread 0x0000759e6c01d780 Exception <a 'java/lang/NoSuchMethodError'{0x00000007160d8598}: 'java.lang.Object java.lang.invoke.DirectMethodHandle$Holder.invokeVirtual(java.lang.Object, java.lang.Object, java.lang.Object)'> (0x00000007160d8598) 
thrown [./src/hotspot/share/interpreter/linkResolver.cpp, line 772]
Event: 0,498 Thread 0x0000759e6c01d780 Exception <a 'java/lang/NoSuchMethodError'{0x00000007160f7d28}: 'java.lang.Object java.lang.invoke.DirectMethodHandle$Holder.invokeStatic(java.lang.Object, long, java.lang.Object)'> (0x00000007160f7d28) 
thrown [./src/hotspot/share/interpreter/linkResolver.cpp, line 772]
Event: 0,499 Thread 0x0000759e6c01d780 Exception <a 'java/lang/NoSuchMethodError'{0x00000007160fb3c0}: 'java.lang.Object java.lang.invoke.DirectMethodHandle$Holder.invokeStaticInit(java.lang.Object, long, java.lang.Object)'> (0x00000007160fb3c0) 
thrown [./src/hotspot/share/interpreter/linkResolver.cpp, line 772]
Event: 0,500 Thread 0x0000759e6c01d780 Exception <a 'java/lang/NoSuchMethodError'{0x0000000716100ca0}: 'java.lang.Object java.lang.invoke.DirectMethodHandle$Holder.newInvokeSpecial(java.lang.Object, long)'> (0x0000000716100ca0) 
thrown [./src/hotspot/share/interpreter/linkResolver.cpp, line 772]

ZGC Phase Switch (0 events):
No events

VM Operations (14 events):
Event: 0,040 Executing VM operation: HandshakeAllThreads (Deoptimize)
Event: 0,040 Executing VM operation: HandshakeAllThreads (Deoptimize) done
Event: 0,100 Executing VM operation: HandshakeAllThreads (Deoptimize)
Event: 0,101 Executing VM operation: HandshakeAllThreads (Deoptimize) done
Event: 0,114 Executing VM operation: HandshakeAllThreads (Deoptimize)
Event: 0,114 Executing VM operation: HandshakeAllThreads (Deoptimize) done
Event: 0,224 Executing VM operation: HandshakeAllThreads (Deoptimize)
Event: 0,224 Executing VM operation: HandshakeAllThreads (Deoptimize) done
Event: 0,224 Executing VM operation: HandshakeAllThreads (Deoptimize)
Event: 0,224 Executing VM operation: HandshakeAllThreads (Deoptimize) done
Event: 0,288 Executing VM operation: G1CollectForAllocation (G1 Evacuation Pause)
Event: 0,291 Executing VM operation: G1CollectForAllocation (G1 Evacuation Pause) done
Event: 0,486 Executing VM operation: ICBufferFull
Event: 0,486 Executing VM operation: ICBufferFull done

Memory protections (12 events):
Event: 0,001 Protecting memory [0x0000759e70700000,0x0000759e70704000] with protection modes 0
Event: 0,014 Protecting memory [0x0000759e4cc75000,0x0000759e4cc79000] with protection modes 0
Event: 0,014 Protecting memory [0x0000759e4c300000,0x0000759e4c304000] with protection modes 0
Event: 0,014 Protecting memory [0x0000759e4c200000,0x0000759e4c204000] with protection modes 0
Event: 0,015 Protecting memory [0x0000759e4c100000,0x0000759e4c104000] with protection modes 0
Event: 0,015 Protecting memory [0x0000759e4c000000,0x0000759e4c004000] with protection modes 0
Event: 0,015 Protecting memory [0x0000759df6f00000,0x0000759df6f04000] with protection modes 0
Event: 0,015 Protecting memory [0x0000759df6e00000,0x0000759df6e04000] with protection modes 0
Event: 0,054 Protecting memory [0x0000759df6c2f000,0x0000759df6c33000] with protection modes 0
Event: 0,059 Protecting memory [0x0000759df6b2f000,0x0000759df6b33000] with protection modes 0
Event: 0,093 Protecting memory [0x0000759df6a2f000,0x0000759df6a33000] with protection modes 0
Event: 0,093 Protecting memory [0x0000759df692f000,0x0000759df6933000] with protection modes 0

Nmethod flushes (0 events):
No events

Events (12 events):
Event: 0,009 Thread 0x0000759e6c01d780 Thread added: 0x0000759e6c01d780
Event: 0,014 Thread 0x0000759e6c01d780 Thread added: 0x0000759e6c150170
Event: 0,014 Thread 0x0000759e6c01d780 Thread added: 0x0000759e6c1516d0
Event: 0,014 Thread 0x0000759e6c01d780 Thread added: 0x0000759e6c152e50
Event: 0,014 Thread 0x0000759e6c01d780 Thread added: 0x0000759e6c154480
Event: 0,015 Thread 0x0000759e6c01d780 Thread added: 0x0000759e6c155a10
Event: 0,015 Thread 0x0000759e6c01d780 Thread added: 0x0000759e6c157540
Event: 0,015 Thread 0x0000759e6c01d780 Thread added: 0x0000759e6c158bf0
Event: 0,052 Thread 0x0000759e6c01d780 Thread added: 0x0000759e6c215550
Event: 0,059 Thread 0x0000759e6c157540 Thread added: 0x0000759dcc0fe5b0
Event: 0,093 Thread 0x0000759e6c01d780 Thread added: 0x0000759e6c544120
Event: 0,093 Thread 0x0000759e6c01d780 Thread added: 0x0000759e6c5486e0


Dynamic libraries:
707200000-716c00000 rw-p 00000000 00:00 0 
716c00000-7ffe00000 ---p 00000000 00:00 0 
7ffe00000-7fff0d000 rw-p 00cdf000 08:13 5117690                          /usr/lib/jvm/java-21-openjdk-amd64/lib/server/classes.jsa
7fff0d000-800000000 rw-p 00000000 00:00 0 
6409917d9000-6409917da000 r--p 00000000 08:13 5117503                    /usr/lib/jvm/java-21-openjdk-amd64/bin/java
6409917da000-6409917db000 r-xp 00001000 08:13 5117503                    /usr/lib/jvm/java-21-openjdk-amd64/bin/java
6409917db000-6409917dc000 r--p 00002000 08:13 5117503                    /usr/lib/jvm/java-21-openjdk-amd64/bin/java
6409917dc000-6409917dd000 r--p 00002000 08:13 5117503                    /usr/lib/jvm/java-21-openjdk-amd64/bin/java
6409917dd000-6409917de000 rw-p 00003000 08:13 5117503                    /usr/lib/jvm/java-21-openjdk-amd64/bin/java
6409c577d000-6409c57c6000 rw-p 00000000 00:00 0                          [heap]
759da4000000-759da4021000 rw-p 00000000 00:00 0 
759da4021000-759da8000000 ---p 00000000 00:00 0 
759dac000000-759dac021000 rw-p 00000000 00:00 0 
759dac021000-759db0000000 ---p 00000000 00:00 0 
759db0000000-759db0021000 rw-p 00000000 00:00 0 
759db0021000-759db4000000 ---p 00000000 00:00 0 
759db4000000-759db4021000 rw-p 00000000 00:00 0 
759db4021000-759db8000000 ---p 00000000 00:00 0 
759db8000000-759db8021000 rw-p 00000000 00:00 0 
759db8021000-759dbc000000 ---p 00000000 00:00 0 
759dbc000000-759dbc021000 rw-p 00000000 00:00 0 
759dbc021000-759dc0000000 ---p 00000000 00:00 0 
759dc0000000-759dc0021000 rw-p 00000000 00:00 0 
759dc0021000-759dc4000000 ---p 00000000 00:00 0 
759dc4000000-759dc4021000 rw-p 00000000 00:00 0 
759dc4021000-759dc8000000 ---p 00000000 00:00 0 
759dc8000000-759dc8456000 rw-p 00000000 00:00 0 
759dc8456000-759dcc000000 ---p 00000000 00:00 0 
759dcc000000-759dcc474000 rw-p 00000000 00:00 0 
759dcc474000-759dd0000000 ---p 00000000 00:00 0 
759dd0000000-759dd0238000 rw-p 00000000 00:00 0 
759dd0238000-759dd4000000 ---p 00000000 00:00 0 
759dd4000000-759dd4021000 rw-p 00000000 00:00 0 
759dd4021000-759dd8000000 ---p 00000000 00:00 0 
759dd8000000-759dd8021000 rw-p 00000000 00:00 0 
759dd8021000-759ddc000000 ---p 00000000 00:00 0 
759ddc000000-759ddc021000 rw-p 00000000 00:00 0 
759ddc021000-759de0000000 ---p 00000000 00:00 0 
759de0000000-759de0021000 rw-p 00000000 00:00 0 
759de0021000-759de4000000 ---p 00000000 00:00 0 
759de4000000-759de4021000 rw-p 00000000 00:00 0 
759de4021000-759de8000000 ---p 00000000 00:00 0 
759de8000000-759de8021000 rw-p 00000000 00:00 0 
759de8021000-759dec000000 ---p 00000000 00:00 0 
759dec000000-759dec390000 rw-p 00000000 00:00 0 
759dec390000-759dec400000 ---p 00000000 00:00 0 
759dec400000-759dec860000 rw-p 00000000 00:00 0 
759dec860000-759df0000000 ---p 00000000 00:00 0 
759df0000000-759df0021000 rw-p 00000000 00:00 0 
759df0021000-759df4000000 ---p 00000000 00:00 0 
759df5fc3000-759df642a000 rw-p 00000000 00:00 0 
759df642a000-759df642b000 ---p 00000000 00:00 0 
759df642b000-759df652b000 rw-p 00000000 00:00 0 
759df652b000-759df652c000 ---p 00000000 00:00 0 
759df652c000-759df662c000 rw-p 00000000 00:00 0 
759df662c000-759df662d000 ---p 00000000 00:00 0 
759df662d000-759df672d000 rw-p 00000000 00:00 0 
759df672d000-759df672e000 ---p 00000000 00:00 0 
759df672e000-759df682e000 rw-p 00000000 00:00 0 
759df682e000-759df682f000 ---p 00000000 00:00 0 
759df682f000-759df692f000 rw-p 00000000 00:00 0 
759df692f000-759df6933000 ---p 00000000 00:00 0 
759df6933000-759df6a2f000 rw-p 00000000 00:00 0 
759df6a2f000-759df6a33000 ---p 00000000 00:00 0 
759df6a33000-759df6b2f000 rw-p 00000000 00:00 0 
759df6b2f000-759df6b33000 ---p 00000000 00:00 0 
759df6b33000-759df6c2f000 rw-p 00000000 00:00 0 
759df6c2f000-759df6c33000 ---p 00000000 00:00 0 
759df6c33000-759df6d2f000 rw-p 00000000 00:00 0 
759df6d2f000-759df6d34000 r--p 00000000 08:13 5117651                    /usr/lib/jvm/java-21-openjdk-amd64/lib/libjsvml.so
759df6d34000-759df6d75000 r-xp 00005000 08:13 5117651                    /usr/lib/jvm/java-21-openjdk-amd64/lib/libjsvml.so
759df6d75000-759df6dfe000 r--p 00046000 08:13 5117651                    /usr/lib/jvm/java-21-openjdk-amd64/lib/libjsvml.so
759df6dfe000-759df6dff000 r--p 000ce000 08:13 5117651                    /usr/lib/jvm/java-21-openjdk-amd64/lib/libjsvml.so
759df6dff000-759df6e00000 rw-p 000cf000 08:13 5117651                    /usr/lib/jvm/java-21-openjdk-amd64/lib/libjsvml.so
759df6e00000-759df6e04000 ---p 00000000 00:00 0 
759df6e04000-759df6f00000 rw-p 00000000 00:00 0 
759df6f00000-759df6f04000 ---p 00000000 00:00 0 
759df6f04000-759df7000000 rw-p 00000000 00:00 0 
759df7000000-759df7ca0000 rw-p 00001000 08:13 5117690                    /usr/lib/jvm/java-21-openjdk-amd64/lib/server/classes.jsa
759df7ca0000-759df8000000 ---p 00000000 00:00 0 
759df8000000-759df8030000 rw-p 00000000 00:00 0 
759df8030000-759df80b0000 rw-p 00000000 00:00 0 
759df80b0000-759df80e0000 rw-p 00000000 00:00 0 
759df80e0000-759df8100000 ---p 00000000 00:00 0 
759df8100000-759df8150000 rw-p 00000000 00:00 0 
759df8150000-759e38000000 ---p 00000000 00:00 0 
759e38000000-759e38021000 rw-p 00000000 00:00 0 
759e38021000-759e3c000000 ---p 00000000 00:00 0 
759e3c000000-759e3c021000 rw-p 00000000 00:00 0 
759e3c021000-759e40000000 ---p 00000000 00:00 0 
759e40000000-759e40021000 rw-p 00000000 00:00 0 
759e40021000-759e44000000 ---p 00000000 00:00 0 
759e44000000-759e44021000 rw-p 00000000 00:00 0 
759e44021000-759e48000000 ---p 00000000 00:00 0 
759e48000000-759e48021000 rw-p 00000000 00:00 0 
759e48021000-759e4c000000 ---p 00000000 00:00 0 
759e4c000000-759e4c004000 ---p 00000000 00:00 0 
759e4c004000-759e4c100000 rw-p 00000000 00:00 0 
759e4c100000-759e4c104000 ---p 00000000 00:00 0 
759e4c104000-759e4c200000 rw-p 00000000 00:00 0 
759e4c200000-759e4c204000 ---p 00000000 00:00 0 
759e4c204000-759e4c300000 rw-p 00000000 00:00 0 
759e4c300000-759e4c304000 ---p 00000000 00:00 0 
759e4c304000-759e4c400000 rw-p 00000000 00:00 0 
759e4c400000-759e4cc44000 r--p 00000000 08:13 3936384                    /usr/lib/locale/locale-archive
759e4cc75000-759e4cc79000 ---p 00000000 00:00 0 
759e4cc79000-759e4cd75000 rw-p 00000000 00:00 0 
759e4cd75000-759e4cd76000 ---p 00000000 00:00 0 
759e4cd76000-759e4ce76000 rw-p 00000000 00:00 0 
759e4ce76000-759e4ce77000 ---p 00000000 00:00 0 
759e4ce77000-759e4cf77000 rw-p 00000000 00:00 0 
759e4cf77000-759e4cff8000 rw-p 00000000 00:00 0 
759e4cff8000-759e4cff9000 ---p 00000000 00:00 0 
759e4cff9000-759e4d0f9000 rw-p 00000000 00:00 0 
759e4d0f9000-759e4d0fa000 ---p 00000000 00:00 0 
759e4d0fa000-759e4d1fa000 rw-p 00000000 00:00 0 
759e4d1fa000-759e4f800000 rw-p 00000000 00:00 0 
759e4f838000-759e4f839000 ---p 00000000 00:00 0 
759e4f839000-759e4f939000 rw-p 00000000 00:00 0 
759e4f939000-759e4f93a000 ---p 00000000 00:00 0 
759e4f93a000-759e4fa3a000 rw-p 00000000 00:00 0 
759e4fa3a000-759e4fe22000 rw-p 00000000 00:00 0 
759e4fe22000-759e5386a000 ---p 00000000 00:00 0 
759e5386a000-759e538ef000 rw-p 00000000 00:00 0 
759e538ef000-759e54038000 ---p 00000000 00:00 0 
759e54038000-759e540b6000 rw-p 00000000 00:00 0 
759e540b6000-759e547ff000 ---p 00000000 00:00 0 
759e547ff000-759e54800000 rw-p 00000000 00:00 0 
759e54800000-759e54ab0000 rwxp 00000000 00:00 0 
759e54ab0000-759e5bd37000 ---p 00000000 00:00 0 
759e5bd37000-759e5bfa7000 rwxp 00000000 00:00 0 
759e5bfa7000-759e5c2c8000 ---p 00000000 00:00 0 
759e5c2c8000-759e5c538000 rwxp 00000000 00:00 0 
759e5c538000-759e63800000 ---p 00000000 00:00 0 
759e63800000-759e6be37000 r--s 00000000 08:13 5117688                    /usr/lib/jvm/java-21-openjdk-amd64/lib/modules
759e6be80000-759e6bea4000 r--p 00000000 08:13 4998607                    /usr/share/locale-langpack/pt_BR/LC_MESSAGES/libc.mo
759e6bea4000-759e6beff000 rw-p 00000000 00:00 0 
759e6beff000-759e6bf00000 ---p 00000000 00:00 0 
759e6bf00000-759e6c000000 rw-p 00000000 00:00 0 
759e6c000000-759e6c8c5000 rw-p 00000000 00:00 0 
759e6c8c5000-759e70000000 ---p 00000000 00:00 0 
759e7000f000-759e7061a000 rw-p 00000000 00:00 0 
759e7061a000-759e70700000 ---p 00000000 00:00 0 
759e70700000-759e70704000 ---p 00000000 00:00 0 
759e70704000-759e70800000 rw-p 00000000 00:00 0 
759e70800000-759e7089a000 r--p 00000000 08:13 3936108                    /usr/lib/x86_64-linux-gnu/libstdc++.so.6.0.30
759e7089a000-759e709ab000 r-xp 0009a000 08:13 3936108                    /usr/lib/x86_64-linux-gnu/libstdc++.so.6.0.30
759e709ab000-759e70a1a000 r--p 001ab000 08:13 3936108                    /usr/lib/x86_64-linux-gnu/libstdc++.so.6.0.30
759e70a1a000-759e70a1b000 ---p 0021a000 08:13 3936108                    /usr/lib/x86_64-linux-gnu/libstdc++.so.6.0.30
759e70a1b000-759e70a26000 r--p 0021a000 08:13 3936108                    /usr/lib/x86_64-linux-gnu/libstdc++.so.6.0.30
759e70a26000-759e70a29000 rw-p 00225000 08:13 3936108                    /usr/lib/x86_64-linux-gnu/libstdc++.so.6.0.30
759e70a29000-759e70a2c000 rw-p 00000000 00:00 0 
759e70a2e000-759e70a34000 rw-p 00000000 00:00 0 
759e70a34000-759e70b19000 ---p 00000000 00:00 0 
759e70b19000-759e70b27000 r--p 00000000 08:13 3934872                    /usr/lib/x86_64-linux-gnu/libm.so.6
759e70b27000-759e70ba3000 r-xp 0000e000 08:13 3934872                    /usr/lib/x86_64-linux-gnu/libm.so.6
759e70ba3000-759e70bfe000 r--p 0008a000 08:13 3934872                    /usr/lib/x86_64-linux-gnu/libm.so.6
759e70bfe000-759e70bff000 r--p 000e4000 08:13 3934872                    /usr/lib/x86_64-linux-gnu/libm.so.6
759e70bff000-759e70c00000 rw-p 000e5000 08:13 3934872                    /usr/lib/x86_64-linux-gnu/libm.so.6
759e70c00000-759e70ea2000 r--p 00000000 08:13 5117699                    /usr/lib/jvm/java-21-openjdk-amd64/lib/server/libjvm.so
759e70ea2000-759e71d1e000 r-xp 002a2000 08:13 5117699                    /usr/lib/jvm/java-21-openjdk-amd64/lib/server/libjvm.so
759e71d1e000-759e71ff8000 r--p 0111e000 08:13 5117699                    /usr/lib/jvm/java-21-openjdk-amd64/lib/server/libjvm.so
759e71ff8000-759e71ff9000 ---p 013f8000 08:13 5117699                    /usr/lib/jvm/java-21-openjdk-amd64/lib/server/libjvm.so
759e71ff9000-759e720cd000 r--p 013f8000 08:13 5117699                    /usr/lib/jvm/java-21-openjdk-amd64/lib/server/libjvm.so
759e720cd000-759e720fd000 rw-p 014cc000 08:13 5117699                    /usr/lib/jvm/java-21-openjdk-amd64/lib/server/libjvm.so
759e720fd000-759e72163000 rw-p 00000000 00:00 0 
759e72173000-759e7217a000 r--s 00000000 08:13 3937219                    /usr/lib/x86_64-linux-gnu/gconv/gconv-modules.cache
759e7217a000-759e7217b000 r--p 00000000 08:13 5117624                    /usr/lib/jvm/java-21-openjdk-amd64/lib/libextnet.so
759e7217b000-759e7217c000 r-xp 00001000 08:13 5117624                    /usr/lib/jvm/java-21-openjdk-amd64/lib/libextnet.so
759e7217c000-759e7217d000 r--p 00002000 08:13 5117624                    /usr/lib/jvm/java-21-openjdk-amd64/lib/libextnet.so
759e7217d000-759e7217e000 r--p 00002000 08:13 5117624                    /usr/lib/jvm/java-21-openjdk-amd64/lib/libextnet.so
759e7217e000-759e7217f000 rw-p 00003000 08:13 5117624                    /usr/lib/jvm/java-21-openjdk-amd64/lib/libextnet.so
759e7217f000-759e72200000 rw-p 00000000 00:00 0 
759e72200000-759e72228000 r--p 00000000 08:13 3934869                    /usr/lib/x86_64-linux-gnu/libc.so.6
759e72228000-759e723bd000 r-xp 00028000 08:13 3934869                    /usr/lib/x86_64-linux-gnu/libc.so.6
759e723bd000-759e72415000 r--p 001bd000 08:13 3934869                    /usr/lib/x86_64-linux-gnu/libc.so.6
759e72415000-759e72416000 ---p 00215000 08:13 3934869                    /usr/lib/x86_64-linux-gnu/libc.so.6
759e72416000-759e7241a000 r--p 00215000 08:13 3934869                    /usr/lib/x86_64-linux-gnu/libc.so.6
759e7241a000-759e7241c000 rw-p 00219000 08:13 3934869                    /usr/lib/x86_64-linux-gnu/libc.so.6
759e7241c000-759e72429000 rw-p 00000000 00:00 0 
759e72429000-759e7242c000 r--p 00000000 08:13 5117667                    /usr/lib/jvm/java-21-openjdk-amd64/lib/libnet.so
759e7242c000-759e72434000 r-xp 00003000 08:13 5117667                    /usr/lib/jvm/java-21-openjdk-amd64/lib/libnet.so
759e72434000-759e72436000 r--p 0000b000 08:13 5117667                    /usr/lib/jvm/java-21-openjdk-amd64/lib/libnet.so
759e72436000-759e72437000 r--p 0000c000 08:13 5117667                    /usr/lib/jvm/java-21-openjdk-amd64/lib/libnet.so
759e72437000-759e72438000 rw-p 0000d000 08:13 5117667                    /usr/lib/jvm/java-21-openjdk-amd64/lib/libnet.so
759e72438000-759e7243f000 r--p 00000000 08:13 5117669                    /usr/lib/jvm/java-21-openjdk-amd64/lib/libnio.so
759e7243f000-759e72448000 r-xp 00007000 08:13 5117669                    /usr/lib/jvm/java-21-openjdk-amd64/lib/libnio.so
759e72448000-759e7244c000 r--p 00010000 08:13 5117669                    /usr/lib/jvm/java-21-openjdk-amd64/lib/libnio.so
759e7244c000-759e7244d000 ---p 00014000 08:13 5117669                    /usr/lib/jvm/java-21-openjdk-amd64/lib/libnio.so
759e7244d000-759e7244e000 r--p 00014000 08:13 5117669                    /usr/lib/jvm/java-21-openjdk-amd64/lib/libnio.so
759e7244e000-759e7244f000 rw-p 00015000 08:13 5117669                    /usr/lib/jvm/java-21-openjdk-amd64/lib/libnio.so
759e7244f000-759e72451000 r--p 00000000 08:13 5117686                    /usr/lib/jvm/java-21-openjdk-amd64/lib/libzip.so
759e72451000-759e72456000 r-xp 00002000 08:13 5117686                    /usr/lib/jvm/java-21-openjdk-amd64/lib/libzip.so
759e72456000-759e72458000 r--p 00007000 08:13 5117686                    /usr/lib/jvm/java-21-openjdk-amd64/lib/libzip.so
759e72458000-759e72459000 r--p 00008000 08:13 5117686                    /usr/lib/jvm/java-21-openjdk-amd64/lib/libzip.so
759e72459000-759e7245a000 rw-p 00009000 08:13 5117686                    /usr/lib/jvm/java-21-openjdk-amd64/lib/libzip.so
759e7245a000-759e724a0000 rw-p 00000000 00:00 0 
759e724a0000-759e724a7000 ---p 00000000 00:00 0 
759e724a7000-759e724b4000 r--p 00000000 08:13 5117637                    /usr/lib/jvm/java-21-openjdk-amd64/lib/libjava.so
759e724b4000-759e724c2000 r-xp 0000d000 08:13 5117637                    /usr/lib/jvm/java-21-openjdk-amd64/lib/libjava.so
759e724c2000-759e724c7000 r--p 0001b000 08:13 5117637                    /usr/lib/jvm/java-21-openjdk-amd64/lib/libjava.so
759e724c7000-759e724c8000 ---p 00020000 08:13 5117637                    /usr/lib/jvm/java-21-openjdk-amd64/lib/libjava.so
759e724c8000-759e724c9000 r--p 00020000 08:13 5117637                    /usr/lib/jvm/java-21-openjdk-amd64/lib/libjava.so
759e724c9000-759e724ca000 rw-p 00021000 08:13 5117637                    /usr/lib/jvm/java-21-openjdk-amd64/lib/libjava.so
759e724ca000-759e724cb000 rw-p 00000000 00:00 0 
759e724cb000-759e724cd000 r--p 00000000 08:13 5117628                    /usr/lib/jvm/java-21-openjdk-amd64/lib/libinstrument.so
759e724cd000-759e724d3000 r-xp 00002000 08:13 5117628                    /usr/lib/jvm/java-21-openjdk-amd64/lib/libinstrument.so
759e724d3000-759e724d6000 r--p 00008000 08:13 5117628                    /usr/lib/jvm/java-21-openjdk-amd64/lib/libinstrument.so
759e724d6000-759e724d7000 r--p 0000a000 08:13 5117628                    /usr/lib/jvm/java-21-openjdk-amd64/lib/libinstrument.so
759e724d7000-759e724d8000 rw-p 0000b000 08:13 5117628                    /usr/lib/jvm/java-21-openjdk-amd64/lib/libinstrument.so
759e724d8000-759e724db000 r--p 00000000 08:13 3936110                    /usr/lib/x86_64-linux-gnu/libgcc_s.so.1
759e724db000-759e724f2000 r-xp 00003000 08:13 3936110                    /usr/lib/x86_64-linux-gnu/libgcc_s.so.1
759e724f2000-759e724f6000 r--p 0001a000 08:13 3936110                    /usr/lib/x86_64-linux-gnu/libgcc_s.so.1
759e724f6000-759e724f7000 r--p 0001d000 08:13 3936110                    /usr/lib/x86_64-linux-gnu/libgcc_s.so.1
759e724f7000-759e724f8000 rw-p 0001e000 08:13 3936110                    /usr/lib/x86_64-linux-gnu/libgcc_s.so.1
759e724f8000-759e724fb000 rw-p 00000000 00:00 0 
759e724fb000-759e724fd000 r--p 00000000 08:13 5117643                    /usr/lib/jvm/java-21-openjdk-amd64/lib/libjli.so
759e724fd000-759e72507000 r-xp 00002000 08:13 5117643                    /usr/lib/jvm/java-21-openjdk-amd64/lib/libjli.so
759e72507000-759e7250a000 r--p 0000c000 08:13 5117643                    /usr/lib/jvm/java-21-openjdk-amd64/lib/libjli.so
759e7250a000-759e7250b000 ---p 0000f000 08:13 5117643                    /usr/lib/jvm/java-21-openjdk-amd64/lib/libjli.so
759e7250b000-759e7250c000 r--p 0000f000 08:13 5117643                    /usr/lib/jvm/java-21-openjdk-amd64/lib/libjli.so
759e7250c000-759e7250d000 rw-p 00010000 08:13 5117643                    /usr/lib/jvm/java-21-openjdk-amd64/lib/libjli.so
759e7250d000-759e7250f000 r--p 00000000 08:13 3957248                    /usr/lib/x86_64-linux-gnu/libz.so.1.2.11
759e7250f000-759e72520000 r-xp 00002000 08:13 3957248                    /usr/lib/x86_64-linux-gnu/libz.so.1.2.11
759e72520000-759e72526000 r--p 00013000 08:13 3957248                    /usr/lib/x86_64-linux-gnu/libz.so.1.2.11
759e72526000-759e72527000 ---p 00019000 08:13 3957248                    /usr/lib/x86_64-linux-gnu/libz.so.1.2.11
759e72527000-759e72528000 r--p 00019000 08:13 3957248                    /usr/lib/x86_64-linux-gnu/libz.so.1.2.11
759e72528000-759e72529000 rw-p 0001a000 08:13 3957248                    /usr/lib/x86_64-linux-gnu/libz.so.1.2.11
759e72529000-759e72531000 rw-s 00000000 08:13 1310761                    /tmp/hsperfdata_jamescode/23074
759e72531000-759e72532000 ---p 00000000 00:00 0 
759e72532000-759e72533000 r--p 00000000 00:00 0 
759e72533000-759e72535000 r--p 00000000 08:13 5117642                    /usr/lib/jvm/java-21-openjdk-amd64/lib/libjimage.so
759e72535000-759e72538000 r-xp 00002000 08:13 5117642                    /usr/lib/jvm/java-21-openjdk-amd64/lib/libjimage.so
759e72538000-759e72539000 r--p 00005000 08:13 5117642                    /usr/lib/jvm/java-21-openjdk-amd64/lib/libjimage.so
759e72539000-759e7253a000 ---p 00006000 08:13 5117642                    /usr/lib/jvm/java-21-openjdk-amd64/lib/libjimage.so
759e7253a000-759e7253b000 r--p 00006000 08:13 5117642                    /usr/lib/jvm/java-21-openjdk-amd64/lib/libjimage.so
759e7253b000-759e7253c000 rw-p 00007000 08:13 5117642                    /usr/lib/jvm/java-21-openjdk-amd64/lib/libjimage.so
759e7253c000-759e7253e000 rw-p 00000000 00:00 0 
759e7253e000-759e72540000 r--p 00000000 08:13 3934864                    /usr/lib/x86_64-linux-gnu/ld-linux-x86-64.so.2
759e72540000-759e7256a000 r-xp 00002000 08:13 3934864                    /usr/lib/x86_64-linux-gnu/ld-linux-x86-64.so.2
759e7256a000-759e72575000 r--p 0002c000 08:13 3934864                    /usr/lib/x86_64-linux-gnu/ld-linux-x86-64.so.2
759e72575000-759e72576000 ---p 00000000 00:00 0 
759e72576000-759e72578000 r--p 00037000 08:13 3934864                    /usr/lib/x86_64-linux-gnu/ld-linux-x86-64.so.2
759e72578000-759e7257a000 rw-p 00039000 08:13 3934864                    /usr/lib/x86_64-linux-gnu/ld-linux-x86-64.so.2
7ffeb91ca000-7ffeb91ed000 rw-p 00000000 00:00 0                          [stack]
7ffeb91f2000-7ffeb91f6000 r--p 00000000 00:00 0                          [vvar]
7ffeb91f6000-7ffeb91f8000 r-xp 00000000 00:00 0                          [vdso]
ffffffffff600000-ffffffffff601000 --xp 00000000 00:00 0                  [vsyscall]
Total number of mappings: 248

JVMTI agents:
/snap/intellij-idea-community/709/lib/idea_rt.jar path:none, loaded, initialized, instrumentlib options:38927


VM Arguments:
jvm_args: -javaagent:/snap/intellij-idea-community/709/lib/idea_rt.jar=38927 -Dfile.encoding=UTF-8 -Dsun.stdout.encoding=UTF-8 -Dsun.stderr.encoding=UTF-8 
java_command: com.barbershop.BarbershopApiApplication
java_class_path (initial): /home/jamescode/projects/barbershop-api/target/classes:/home/jamescode/.m2/repository/org/springframework/boot/spring-boot-starter-data-jpa/3.3.5/spring-boot-starter-data-jpa-3.3.5.jar:/home/jamescode/.m2/repository/org/springframework/boot/spring-boot-starter-aop/3.3.5/spring-boot-starter-aop-3.3.5.jar:/home/jamescode/.m2/repository/org/aspectj/aspectjweaver/1.9.22.1/aspectjweaver-1.9.22.1.jar:/home/jamescode/.m2/repository/org/springframework/boot/spring-boot-starter-jdbc/3.3.5/spring-boot-starter-jdbc-3.3.5.jar:/home/jamescode/.m2/repository/com/zaxxer/HikariCP/5.1.0/HikariCP-5.1.0.jar:/home/jamescode/.m2/repository/org/springframework/spring-jdbc/6.1.14/spring-jdbc-6.1.14.jar:/home/jamescode/.m2/repository/org/hibernate/orm/hibernate-core/6.5.3.Final/hibernate-core-6.5.3.Final.jar:/home/jamescode/.m2/repository/jakarta/persistence/jakarta.persistence-api/3.1.0/jakarta.persistence-api-3.1.0.jar:/home/jamescode/.m2/repository/jakarta/transaction/jakarta.transaction-api/2.0.1/jakarta.transaction-api-2.0.1.jar:/home/jamescode/.m2/repository/org/jboss/logging/jboss-logging/3.5.3.Final/jboss-logging-3.5.3.Final.jar:/home/jamescode/.m2/repository/org/hibernate/common/hibernate-commons-annotations/6.0.6.Final/hibernate-commons-annotations-6.0.6.Final.jar:/home/jamescode/.m2/repository/io/smallrye/jandex/3.1.2/jandex-3.1.2.jar:/home/jamescode/.m2/repository/com/fasterxml/classmate/1.7.0/classmate-1.7.0.jar:/home/jamescode/.m2/repository/net/bytebuddy/byte-buddy/1.14.19/byte-buddy-1.14.19.jar:/home/jamescode/.m2/repository/org/glassfish/jaxb/jaxb-runtime/4.0.5/jaxb-runtime-4.0.5.jar:/home/jamescode/.m2/repository/org/glassfish/jaxb/jaxb-core/4.0.5/jaxb-core-4.0.5.jar:/home/jamescode/.m2/repository/org/eclipse/angus/angus-activation/2.0.2/angus-activation-2.0.2.jar:/home/jamescode/.m2/repository/org/glassfish/jaxb/txw2/4.0.5/txw2-4.0.5.jar:/home/jamescode/.m2/repository/com/sun/istack/istack-commons-runtime/4.1.2/istack-commons-runtime-4.1.2.jar:/home/jamescode/.m2/repository/jakarta/inject/jakarta.inject-api/2.0.1/jakarta.inject-api-2.0.1.jar:/home/jamescode/.m2/repository/org/antlr/antlr4-runtime/4.13.0/antlr4-runtime-4.13.0.jar:/home/jamescode/.m2/repository/org/springframework/data/spring-data-jpa/3.3.5/spring-data-jpa-3.3.5.jar:/home/jamescode/.m2/repository/org/springframework/data/spring-data-commons/3.3.5/spring-data-commons-3.3.5.jar:/home/jamescode/.m2/repository/org/springframework/spring-orm/6.1.14/spring-orm-6.1.14.jar:/home/jamescode/.m2/repository/org/springframework/spring-context/6.1.14/spring-context-6.1.14.jar:/home/jamescode/.m2/repository/org/springframework/spring-tx/6.1.14/spring-tx-6.1.14.jar:/home/jamescode/.m2/repository/org/springframework/spring-beans/6.1.14/spring-beans-6.1.14.jar:/home/jamescode/.m2/repository/jakarta/annotation/jakarta.annotation-api/2.1.1/jakarta.annotation-api-2.1.1.jar:/home/jamescode/.m2/repository/org/slf4j/slf4j-api/2.0.16/slf4j-api-2.0.16.jar:/home/jamescode/.m2/repository/org/springframework/spring-aspects/6.1.14/spring-aspects-6.1.14.jar:/home/jamescode/.m2/repository/org/springframework/boot/spring-boot-starter-security/3.3.5/spring-boot-starter-security-3.3.5.jar:/home/jamescode/.m2/repository/org/springframework/boot/spring-boot-starter/3.3.5/spring-boot-starter-3.3.5.jar:/home/jamescode/.m2/repository/org/springframework/boot/spring-boot/3.3.5/spring-boot-3.3.5.jar:/home/jamescode/.m2/repository/org/springframework/boot/spring-boot-autoconfigure/3.3.5/spring-boot-autoconfigure-3.3.5.jar:/home/jamescode/.m2/repository/org/springframework/boot/spring-boot-starter-logging/3.3.5/spring-boot-starter-logging-3.3.5.jar:/home/jamescode/.m2/repository/ch/qos/logback/logback-classic/1.5.11/logback-classic-1.5.11.jar:/home/jamescode/.m2/repository/ch/qos/logback/logback-core/1.5.11/logback-core-1.5.11.jar:/home/jamescode/.m2/repository/org/apache/logging/log4j/log4j-to-slf4j/2.23.1/log4j-to-slf4j-2.23.1.jar:/home/jamescode/.m2/repository/org/apache/logging/log4j/log4j-api/2.23.1/log4j-api-2.23.1.jar:/home/jamescode/.m2/repository/org/slf4j/jul-to-slf4j/2.0.16/jul-to-slf4j-2.0.16.jar:/home/jamescode/.m2/repository/org/yaml/snakeyaml/2.2/snakeyaml-2.2.jar:/home/jamescode/.m2/repository/org/springframework/spring-aop/6.1.14/spring-aop-6.1.14.jar:/home/jamescode/.m2/repository/org/springframework/security/spring-security-config/6.3.4/spring-security-config-6.3.4.jar:/home/jamescode/.m2/repository/org/springframework/security/spring-security-web/6.3.4/spring-security-web-6.3.4.jar:/home/jamescode/.m2/repository/org/springframework/spring-expression/6.1.14/spring-expression-6.1.14.jar:/home/jamescode/.m2/repository/org/springframework/boot/spring-boot-starter-validation/3.3.5/spring-boot-starter-validation-3.3.5.jar:/home/jamescode/.m2/repository/org/apache/tomcat/embed/tomcat-embed-el/10.1.31/tomcat-embed-el-10.1.31.jar:/home/jamescode/.m2/repository/org/hibernate/validator/hibernate-validator/8.0.1.Final/hibernate-validator-8.0.1.Final.jar:/home/jamescode/.m2/repository/jakarta/validation/jakarta.validation-api/3.0.2/jakarta.validation-api-3.0.2.jar:/home/jamescode/.m2/repository/org/springframework/boot/spring-boot-starter-web/3.3.5/spring-boot-starter-web-3.3.5.jar:/home/jamescode/.m2/repository/org/springframework/boot/spring-boot-starter-json/3.3.5/spring-boot-starter-json-3.3.5.jar:/home/jamescode/.m2/repository/com/fasterxml/jackson/datatype/jackson-datatype-jdk8/2.17.2/jackson-datatype-jdk8-2.17.2.jar:/home/jamescode/.m2/repository/com/fasterxml/jackson/datatype/jackson-datatype-jsr310/2.17.2/jackson-datatype-jsr310-2.17.2.jar:/home/jamescode/.m2/repository/com/fasterxml/jackson/module/jackson-module-parameter-names/2.17.2/jackson-module-parameter-names-2.17.2.jar:/home/jamescode/.m2/repository/org/springframework/boot/spring-boot-starter-tomcat/3.3.5/spring-boot-starter-tomcat-3.3.5.jar:/home/jamescode/.m2/repository/org/apache/tomcat/embed/tomcat-embed-core/10.1.31/tomcat-embed-core-10.1.31.jar:/home/jamescode/.m2/repository/org/apache/tomcat/embed/tomcat-embed-websocket/10.1.31/tomcat-embed-websocket-10.1.31.jar:/home/jamescode/.m2/repository/org/springframework/spring-web/6.1.14/spring-web-6.1.14.jar:/home/jamescode/.m2/repository/io/micrometer/micrometer-observation/1.13.6/micrometer-observation-1.13.6.jar:/home/jamescode/.m2/repository/io/micrometer/micrometer-commons/1.13.6/micrometer-commons-1.13.6.jar:/home/jamescode/.m2/repository/org/springframework/spring-webmvc/6.1.14/spring-webmvc-6.1.14.jar:/home/jamescode/.m2/repository/io/jsonwebtoken/jjwt-api/0.12.5/jjwt-api-0.12.5.jar:/home/jamescode/.m2/repository/io/jsonwebtoken/jjwt-impl/0.12.5/jjwt-impl-0.12.5.jar:/home/jamescode/.m2/repository/io/jsonwebtoken/jjwt-jackson/0.12.5/jjwt-jackson-0.12.5.jar:/home/jamescode/.m2/repository/com/fasterxml/jackson/core/jackson-databind/2.17.2/jackson-databind-2.17.2.jar:/home/jamescode/.m2/repository/com/fasterxml/jackson/core/jackson-annotations/2.17.2/jackson-annotations-2.17.2.jar:/home/jamescode/.m2/repository/com/fasterxml/jackson/core/jackson-core/2.17.2/jackson-core-2.17.2.jar:/home/jamescode/.m2/repository/com/h2database/h2/2.2.224/h2-2.2.224.jar:/home/jamescode/.m2/repository/org/postgresql/postgresql/42.7.4/postgresql-42.7.4.jar:/home/jamescode/.m2/repository/org/checkerframework/checker-qual/3.42.0/checker-qual-3.42.0.jar:/home/jamescode/.m2/repository/org/projectlombok/lombok/1.18.34/lombok-1.18.34.jar:/home/jamescode/.m2/repository/jakarta/xml/bind/jakarta.xml.bind-api/4.0.2/jakarta.xml.bind-api-4.0.2.jar:/home/jamescode/.m2/repository/jakarta/activation/jakarta.activation-api/2.1.3/jakarta.activation-api-2.1.3.jar:/home/jamescode/.m2/repository/org/springframework/spring-core/6.1.14/spring-core-6.1.14.jar:/home/jamescode/.m2/repository/org/springframework/spring-jcl/6.1.14/spring-jcl-6.1.14.jar:/home/jamescode/.m2/repository/org/springframework/security/spring-security-core/6.3.4/spring-security-core-6.3.4.jar:/home/jamescode/.m2/repository/org/springframework/security/spring-security-crypto/6.3.4/spring-security-crypto-6.3.4.jar
Launcher Type: SUN_STANDARD

[Global flags]
     intx CICompilerCount                          = 3                                         {product} {ergonomic}
     uint ConcGCThreads                            = 2                                         {product} {ergonomic}
     uint G1ConcRefinementThreads                  = 6                                         {product} {ergonomic}
   size_t G1HeapRegionSize                         = 2097152                                   {product} {ergonomic}
    uintx GCDrainStackTargetSize                   = 64                                        {product} {ergonomic}
   size_t InitialHeapSize                          = 262144000                                 {product} {ergonomic}
   size_t MarkStackSize                            = 4194304                                   {product} {ergonomic}
   size_t MaxHeapSize                              = 4175429632                                {product} {ergonomic}
   size_t MaxNewSize                               = 2503999488                                {product} {ergonomic}
   size_t MinHeapDeltaBytes                        = 2097152                                   {product} {ergonomic}
   size_t MinHeapSize                              = 8388608                                   {product} {ergonomic}
    uintx NonNMethodCodeHeapSize                   = 5832780                                {pd product} {ergonomic}
    uintx NonProfiledCodeHeapSize                  = 122912730                              {pd product} {ergonomic}
    uintx ProfiledCodeHeapSize                     = 122912730                              {pd product} {ergonomic}
    uintx ReservedCodeCacheSize                    = 251658240                              {pd product} {ergonomic}
     bool SegmentedCodeCache                       = true                                      {product} {ergonomic}
   size_t SoftMaxHeapSize                          = 4175429632                             {manageable} {ergonomic}
     bool UseCompressedOops                        = true                           {product lp64_product} {ergonomic}
     bool UseG1GC                                  = true                                      {product} {ergonomic}

Logging:
Log output configuration:
 #0: stdout all=warning uptime,level,tags foldmultilines=false
 #1: stderr all=off uptime,level,tags foldmultilines=false

Release file:
IMPLEMENTOR="Ubuntu"
JAVA_RUNTIME_VERSION="21.0.9+10-Ubuntu-122.04"
JAVA_VERSION="21.0.9"
JAVA_VERSION_DATE="2025-10-21"
LIBC="gnu"
MODULES="java.base java.compiler java.datatransfer java.xml java.prefs java.desktop java.instrument java.logging java.management java.security.sasl java.naming java.rmi java.management.rmi java.net.http java.scripting java.security.jgss java.transaction.xa java.sql java.sql.rowset java.xml.crypto java.se java.smartcardio jdk.accessibility jdk.internal.jvmstat jdk.attach jdk.charsets jdk.internal.opt jdk.zipfs jdk.compiler jdk.crypto.ec jdk.crypto.cryptoki jdk.dynalink jdk.internal.ed jdk.editpad jdk.hotspot.agent jdk.httpserver jdk.incubator.vector jdk.internal.le jdk.internal.vm.ci jdk.internal.vm.compiler jdk.internal.vm.compiler.management jdk.jartool jdk.javadoc jdk.jcmd jdk.management jdk.management.agent jdk.jconsole jdk.jdeps jdk.jdwp.agent jdk.jdi jdk.jfr jdk.jlink jdk.jpackage jdk.jshell jdk.jsobject jdk.jstatd jdk.localedata jdk.management.jfr jdk.naming.dns jdk.naming.rmi jdk.net jdk.nio.mapmode jdk.random jdk.sctp jdk.security.auth jdk.security.jgss jdk.unsupported jdk.unsupported.desktop jdk.xml.dom"
OS_ARCH="x86_64"
OS_NAME="Linux"
SOURCE=""

Environment Variables:
PATH=/usr/local/sbin:/usr/local/bin:/usr/sbin:/usr/bin:/sbin:/bin:/usr/games:/usr/local/games:/snap/bin
SHELL=/bin/bash
DISPLAY=:0.0
LANG=pt_BR.UTF-8
LC_NUMERIC=pt_BR.UTF-8
LC_TIME=pt_BR.UTF-8

Active Locale:
LC_ALL=pt_BR.UTF-8
LC_COLLATE=pt_BR.UTF-8
LC_CTYPE=pt_BR.UTF-8
LC_MESSAGES=pt_BR.UTF-8
LC_MONETARY=pt_BR.UTF-8
LC_NUMERIC=pt_BR.UTF-8
LC_TIME=pt_BR.UTF-8

Signal Handlers:
   SIGSEGV: crash_handler in libjvm.so, mask=11100100010111111101111111111110, flags=SA_RESTART|SA_SIGINFO, unblocked
    SIGBUS: crash_handler in libjvm.so, mask=11100100010111111101111111111110, flags=SA_RESTART|SA_SIGINFO, unblocked
    SIGFPE: crash_handler in libjvm.so, mask=11100100010111111101111111111110, flags=SA_RESTART|SA_SIGINFO, unblocked
   SIGPIPE: javaSignalHandler in libjvm.so, mask=11100100010111111101111111111110, flags=SA_RESTART|SA_SIGINFO, blocked
   SIGXFSZ: javaSignalHandler in libjvm.so, mask=11100100010111111101111111111110, flags=SA_RESTART|SA_SIGINFO, blocked
    SIGILL: crash_handler in libjvm.so, mask=11100100010111111101111111111110, flags=SA_RESTART|SA_SIGINFO, unblocked
   SIGUSR2: SR_handler in libjvm.so, mask=00000000000000000000000000000000, flags=SA_RESTART|SA_SIGINFO, blocked
    SIGHUP: UserHandler in libjvm.so, mask=11100100010111111101111111111110, flags=SA_RESTART|SA_SIGINFO, blocked
    SIGINT: UserHandler in libjvm.so, mask=11100100010111111101111111111110, flags=SA_RESTART|SA_SIGINFO, blocked
   SIGTERM: UserHandler in libjvm.so, mask=11100100010111111101111111111110, flags=SA_RESTART|SA_SIGINFO, blocked
   SIGQUIT: UserHandler in libjvm.so, mask=11100100010111111101111111111110, flags=SA_RESTART|SA_SIGINFO, blocked
   SIGTRAP: crash_handler in libjvm.so, mask=11100100010111111101111111111110, flags=SA_RESTART|SA_SIGINFO, unblocked


Periodic native trim disabled

---------------  S Y S T E M  ---------------

OS:
DISTRIB_ID=Zorin
DISTRIB_RELEASE=17
DISTRIB_CODENAME=jammy
DISTRIB_DESCRIPTION="Zorin OS 17.3"
uname: Linux 6.8.0-87-generic #88~22.04.1-Ubuntu SMP PREEMPT_DYNAMIC Tue Oct 14 14:03:14 UTC 2 x86_64
OS uptime: 1 days 19:51 hours
libc: glibc 2.35 NPTL 2.35 
rlimit (soft/hard): STACK 8192k/infinity , CORE 0k/infinity , NPROC 63021/63021 , NOFILE 1048576/1048576 , AS infinity/infinity , CPU infinity/infinity , DATA infinity/infinity , FSIZE infinity/infinity , MEMLOCK 2038612k/2038612k
load average: 3,89 3,46 3,12

/proc/meminfo:
MemTotal:       16308904 kB
MemFree:          946512 kB
MemAvailable:    7376608 kB
Buffers:          383172 kB
Cached:          6253936 kB
SwapCached:            0 kB
Active:         10902228 kB
Inactive:        2945916 kB
Active(anon):    7348436 kB
Inactive(anon):   126964 kB
Active(file):    3553792 kB
Inactive(file):  2818952 kB
Unevictable:          64 kB
Mlocked:              64 kB
SwapTotal:       2097148 kB
SwapFree:        2097148 kB
Zswap:                 0 kB
Zswapped:              0 kB
Dirty:               836 kB
Writeback:             0 kB
AnonPages:       7211308 kB
Mapped:          2189352 kB
Shmem:            264364 kB
KReclaimable:     395020 kB
Slab:             599780 kB
SReclaimable:     395020 kB
SUnreclaim:       204760 kB
KernelStack:       20512 kB
PageTables:        92048 kB
SecPageTables:         0 kB
NFS_Unstable:          0 kB
Bounce:                0 kB
WritebackTmp:          0 kB
CommitLimit:    10251600 kB
Committed_AS:   31813252 kB
VmallocTotal:   34359738367 kB
VmallocUsed:       62288 kB
VmallocChunk:          0 kB
Percpu:            25216 kB
HardwareCorrupted:     0 kB
AnonHugePages:      2048 kB
ShmemHugePages:        0 kB
ShmemPmdMapped:        0 kB
FileHugePages:         0 kB
FilePmdMapped:         0 kB
Unaccepted:            0 kB
HugePages_Total:       0
HugePages_Free:        0
HugePages_Rsvd:        0
HugePages_Surp:        0
Hugepagesize:       2048 kB
Hugetlb:               0 kB
DirectMap4k:     1405916 kB
DirectMap2M:    10072064 kB
DirectMap1G:     5242880 kB

/sys/kernel/mm/transparent_hugepage/enabled: always [madvise] never
/sys/kernel/mm/transparent_hugepage/hpage_pmd_size: 2097152
/sys/kernel/mm/transparent_hugepage/defrag (defrag/compaction efforts parameter): always defer defer+madvise [madvise] never

Process Memory:
Virtual Size: 7359852K (peak: 7420880K)
Resident Set Size: 101716K (peak: 101716K) (anon: 77568K, file: 24148K, shmem: 0K)
Swapped out: 0K
C-Heap outstanding allocations: 36242K, retained: 3781K
glibc malloc tunables: (default)

/proc/sys/kernel/threads-max (system-wide limit on the number of threads): 126043
/proc/sys/vm/max_map_count (maximum number of memory map areas a process may have): 65530
/proc/sys/vm/swappiness (control to define how aggressively the kernel swaps out anonymous memory): 60
/proc/sys/kernel/pid_max (system-wide limit on number of process identifiers): 4194304

container information not found.
Steal ticks since vm start: 0
Steal ticks percentage since vm start:  0,000

CPU: total 6 (initial active 6) (6 cores per cpu, 1 threads per core) family 23 model 113 stepping 0 microcode 0x8701021, cx8, cmov, fxsr, mmx, 3dnowpref, sse, sse2, sse3, ssse3, sse4a, sse4.1, sse4.2, popcnt, lzcnt, tsc, tscinvbit, avx, avx2, aes, clmul, bmi1, bmi2, adx, sha, fma, vzeroupper, clflush, clflushopt, rdtscp, rdpid, f16c
CPU Model and flags from /proc/cpuinfo:
model name	: AMD Ryzen 5 3500X 6-Core Processor
flags		: fpu vme de pse tsc msr pae mce cx8 apic sep mtrr pge mca cmov pat pse36 clflush mmx fxsr sse sse2 ht syscall nx mmxext fxsr_opt pdpe1gb rdtscp lm constant_tsc rep_good nopl nonstop_tsc cpuid extd_apicid aperfmperf rapl pni pclmulqdq monitor ssse3 fma cx16 sse4_1 sse4_2 x2apic movbe popcnt aes xsave avx f16c rdrand lahf_lm cmp_legacy svm extapic cr8_legacy abm sse4a misalignsse 3dnowprefetch osvw ibs skinit wdt tce topoext perfctr_core perfctr_nb bpext perfctr_llc mwaitx cpb cat_l3 cdp_l3 hw_pstate ssbd mba ibpb stibp vmmcall fsgsbase bmi1 avx2 smep bmi2 cqm rdt_a rdseed adx smap clflushopt clwb sha_ni xsaveopt xsavec xgetbv1 cqm_llc cqm_occup_llc cqm_mbm_total cqm_mbm_local clzero irperf xsaveerptr rdpru wbnoinvd arat npt lbrv svm_lock nrip_save tsc_scale vmcb_clean flushbyasid decodeassists pausefilter pfthreshold avic v_vmsave_vmload vgif v_spec_ctrl umip rdpid overflow_recov succor smca sev sev_es ibpb_exit_to_user

Online cpus: 0-5
Offline cpus: 6-31
BIOS frequency limitation: 4000000
Frequency switch latency (ns): 0
Available cpu frequencies: 4000000 2800000 2200000 
Current governor: schedutil
Core performance/turbo boost: 0

Memory: 4k page, physical 16308904k(7376608k free), swap 2097148k(2097148k free)
Page Sizes: 4k

vm_info: OpenJDK 64-Bit Server VM (21.0.9+10-Ubuntu-122.04) for linux-amd64 JRE (21.0.9+10-Ubuntu-122.04), built on 2025-10-23T12:39:18Z by "buildd" with gcc 12.3.0

END.
